{"/home/travis/build/npmtest/node-npmtest-npm-cache/test.js":{"path":"/home/travis/build/npmtest/node-npmtest-npm-cache/test.js","s":{"1":2,"2":2,"3":2,"4":2,"5":2,"6":2,"7":2,"8":1,"9":2,"10":2,"11":1,"12":1,"13":1,"14":1,"15":2,"16":2,"17":2,"18":2,"19":1,"20":1,"21":2,"22":2,"23":2,"24":1,"25":1,"26":1,"27":1,"28":1,"29":1,"30":1,"31":1,"32":1,"33":1,"34":1,"35":1,"36":1,"37":1,"38":1,"39":2,"40":2,"41":1,"42":2,"43":2,"44":1,"45":2,"46":2,"47":1,"48":2,"49":2,"50":1,"51":1,"52":1,"53":1,"54":1},"b":{"1":[2,1,1,1],"2":[1,1,1,1],"3":[1,1],"4":[1,1],"5":[1,1],"6":[1,1],"7":[1,1],"8":[1,1],"9":[1,1],"10":[1,1,1],"11":[1,1],"12":[1,1],"13":[1,1],"14":[1,1],"15":[1,1],"16":[1,1],"17":[1,1]},"f":{"1":2,"2":2,"3":2,"4":2,"5":2,"6":1,"7":1,"8":1,"9":2,"10":2,"11":2,"12":2,"13":1},"fnMap":{"1":{"name":"(anonymous_1)","line":12,"loc":{"start":{"line":12,"column":1},"end":{"line":12,"column":13}}},"2":{"name":"(anonymous_2)","line":19,"loc":{"start":{"line":19,"column":5},"end":{"line":19,"column":17}}},"3":{"name":"(anonymous_3)","line":23,"loc":{"start":{"line":23,"column":24},"end":{"line":23,"column":36}}},"4":{"name":"(anonymous_4)","line":61,"loc":{"start":{"line":61,"column":5},"end":{"line":61,"column":17}}},"5":{"name":"(anonymous_5)","line":82,"loc":{"start":{"line":82,"column":5},"end":{"line":82,"column":17}}},"6":{"name":"(anonymous_6)","line":91,"loc":{"start":{"line":91,"column":77},"end":{"line":94,"column":10}}},"7":{"name":"(anonymous_7)","line":112,"loc":{"start":{"line":112,"column":83},"end":{"line":115,"column":10}},"skip":true},"8":{"name":"(anonymous_8)","line":123,"loc":{"start":{"line":123,"column":77},"end":{"line":126,"column":10}},"skip":true},"9":{"name":"(anonymous_9)","line":139,"loc":{"start":{"line":139,"column":12},"end":{"line":139,"column":40}},"skip":true},"10":{"name":"(anonymous_10)","line":147,"loc":{"start":{"line":147,"column":77},"end":{"line":150,"column":10}},"skip":true},"11":{"name":"(anonymous_11)","line":158,"loc":{"start":{"line":158,"column":83},"end":{"line":161,"column":10}},"skip":true},"12":{"name":"(anonymous_12)","line":169,"loc":{"start":{"line":169,"column":79},"end":{"line":172,"column":10}},"skip":true},"13":{"name":"(anonymous_13)","line":180,"loc":{"start":{"line":180,"column":75},"end":{"line":183,"column":10}},"skip":true}},"statementMap":{"1":{"start":{"line":12,"column":0},"end":{"line":195,"column":5}},"2":{"start":{"line":14,"column":4},"end":{"line":14,"column":14}},"3":{"start":{"line":19,"column":4},"end":{"line":56,"column":9}},"4":{"start":{"line":21,"column":8},"end":{"line":21,"column":19}},"5":{"start":{"line":23,"column":8},"end":{"line":35,"column":13}},"6":{"start":{"line":24,"column":12},"end":{"line":34,"column":13}},"7":{"start":{"line":25,"column":16},"end":{"line":28,"column":30}},"8":{"start":{"line":30,"column":16},"end":{"line":33,"column":27}},"9":{"start":{"line":37,"column":8},"end":{"line":39,"column":21}},"10":{"start":{"line":40,"column":8},"end":{"line":53,"column":9}},"11":{"start":{"line":43,"column":12},"end":{"line":46,"column":14}},"12":{"start":{"line":47,"column":12},"end":{"line":47,"column":18}},"13":{"start":{"line":50,"column":12},"end":{"line":51,"column":33}},"14":{"start":{"line":52,"column":12},"end":{"line":52,"column":18}},"15":{"start":{"line":55,"column":8},"end":{"line":55,"column":35}},"16":{"start":{"line":61,"column":4},"end":{"line":63,"column":9}},"17":{"start":{"line":62,"column":8},"end":{"line":62,"column":15}},"18":{"start":{"line":64,"column":4},"end":{"line":77,"column":5}},"19":{"start":{"line":70,"column":8},"end":{"line":70,"column":14}},"20":{"start":{"line":76,"column":8},"end":{"line":76,"column":14}},"21":{"start":{"line":82,"column":4},"end":{"line":84,"column":9}},"22":{"start":{"line":83,"column":8},"end":{"line":83,"column":15}},"23":{"start":{"line":85,"column":4},"end":{"line":194,"column":5}},"24":{"start":{"line":91,"column":8},"end":{"line":99,"column":10}},"25":{"start":{"line":98,"column":12},"end":{"line":98,"column":35}},"26":{"start":{"line":102,"column":8},"end":{"line":104,"column":63}},"27":{"start":{"line":105,"column":8},"end":{"line":105,"column":14}},"28":{"start":{"line":112,"column":8},"end":{"line":121,"column":10},"skip":true},"29":{"start":{"line":119,"column":12},"end":{"line":119,"column":55},"skip":true},"30":{"start":{"line":120,"column":12},"end":{"line":120,"column":48},"skip":true},"31":{"start":{"line":123,"column":8},"end":{"line":136,"column":10},"skip":true},"32":{"start":{"line":130,"column":12},"end":{"line":130,"column":76},"skip":true},"33":{"start":{"line":131,"column":12},"end":{"line":131,"column":73},"skip":true},"34":{"start":{"line":132,"column":12},"end":{"line":132,"column":74},"skip":true},"35":{"start":{"line":133,"column":12},"end":{"line":133,"column":79},"skip":true},"36":{"start":{"line":134,"column":12},"end":{"line":134,"column":25},"skip":true},"37":{"start":{"line":135,"column":12},"end":{"line":135,"column":45},"skip":true},"38":{"start":{"line":138,"column":8},"end":{"line":145,"column":14},"skip":true},"39":{"start":{"line":143,"column":16},"end":{"line":143,"column":29},"skip":true},"40":{"start":{"line":144,"column":16},"end":{"line":144,"column":55},"skip":true},"41":{"start":{"line":147,"column":8},"end":{"line":156,"column":10},"skip":true},"42":{"start":{"line":154,"column":12},"end":{"line":154,"column":25},"skip":true},"43":{"start":{"line":155,"column":12},"end":{"line":155,"column":45},"skip":true},"44":{"start":{"line":158,"column":8},"end":{"line":167,"column":10},"skip":true},"45":{"start":{"line":165,"column":12},"end":{"line":165,"column":25},"skip":true},"46":{"start":{"line":166,"column":12},"end":{"line":166,"column":48},"skip":true},"47":{"start":{"line":169,"column":8},"end":{"line":178,"column":10},"skip":true},"48":{"start":{"line":176,"column":12},"end":{"line":176,"column":25},"skip":true},"49":{"start":{"line":177,"column":12},"end":{"line":177,"column":46},"skip":true},"50":{"start":{"line":180,"column":8},"end":{"line":189,"column":10},"skip":true},"51":{"start":{"line":187,"column":12},"end":{"line":187,"column":94},"skip":true},"52":{"start":{"line":188,"column":12},"end":{"line":188,"column":48},"skip":true},"53":{"start":{"line":192,"column":8},"end":{"line":192,"column":35},"skip":true},"54":{"start":{"line":193,"column":8},"end":{"line":193,"column":14},"skip":true}},"branchMap":{"1":{"line":25,"type":"binary-expr","locations":[{"start":{"line":25,"column":23},"end":{"line":25,"column":62}},{"start":{"line":26,"column":20},"end":{"line":26,"column":70}},{"start":{"line":27,"column":20},"end":{"line":27,"column":71}},{"start":{"line":28,"column":20},"end":{"line":28,"column":29}}]},"2":{"line":30,"type":"binary-expr","locations":[{"start":{"line":30,"column":23},"end":{"line":30,"column":37}},{"start":{"line":31,"column":20},"end":{"line":31,"column":61}},{"start":{"line":32,"column":20},"end":{"line":32,"column":70}},{"start":{"line":33,"column":20},"end":{"line":33,"column":26}}]},"3":{"line":37,"type":"cond-expr","locations":[{"start":{"line":38,"column":14},"end":{"line":38,"column":20}},{"start":{"line":39,"column":14},"end":{"line":39,"column":20}}]},"4":{"line":40,"type":"switch","locations":[{"start":{"line":42,"column":8},"end":{"line":47,"column":18}},{"start":{"line":49,"column":8},"end":{"line":52,"column":18}}]},"5":{"line":44,"type":"binary-expr","locations":[{"start":{"line":44,"column":16},"end":{"line":44,"column":44}},{"start":{"line":44,"column":48},"end":{"line":44,"column":66}}]},"6":{"line":50,"type":"binary-expr","locations":[{"start":{"line":50,"column":21},"end":{"line":50,"column":49}},{"start":{"line":50,"column":53},"end":{"line":50,"column":72}}]},"7":{"line":64,"type":"switch","locations":[{"start":{"line":69,"column":4},"end":{"line":70,"column":14}},{"start":{"line":75,"column":4},"end":{"line":76,"column":14}}]},"8":{"line":85,"type":"switch","locations":[{"start":{"line":90,"column":4},"end":{"line":105,"column":14}},{"start":{"line":111,"column":4},"end":{"line":193,"column":14},"skip":true}]},"9":{"line":91,"type":"binary-expr","locations":[{"start":{"line":91,"column":42},"end":{"line":91,"column":73}},{"start":{"line":91,"column":77},"end":{"line":99,"column":9}}]},"10":{"line":102,"type":"binary-expr","locations":[{"start":{"line":102,"column":18},"end":{"line":102,"column":32}},{"start":{"line":103,"column":12},"end":{"line":103,"column":53}},{"start":{"line":104,"column":12},"end":{"line":104,"column":61}}]},"11":{"line":112,"type":"binary-expr","locations":[{"start":{"line":112,"column":45},"end":{"line":112,"column":79},"skip":true},{"start":{"line":112,"column":83},"end":{"line":121,"column":9},"skip":true}]},"12":{"line":123,"type":"binary-expr","locations":[{"start":{"line":123,"column":42},"end":{"line":123,"column":73},"skip":true},{"start":{"line":123,"column":77},"end":{"line":136,"column":9},"skip":true}]},"13":{"line":138,"type":"binary-expr","locations":[{"start":{"line":138,"column":48},"end":{"line":138,"column":85},"skip":true},{"start":{"line":139,"column":12},"end":{"line":145,"column":13},"skip":true}]},"14":{"line":147,"type":"binary-expr","locations":[{"start":{"line":147,"column":42},"end":{"line":147,"column":73},"skip":true},{"start":{"line":147,"column":77},"end":{"line":156,"column":9},"skip":true}]},"15":{"line":158,"type":"binary-expr","locations":[{"start":{"line":158,"column":45},"end":{"line":158,"column":79},"skip":true},{"start":{"line":158,"column":83},"end":{"line":167,"column":9},"skip":true}]},"16":{"line":169,"type":"binary-expr","locations":[{"start":{"line":169,"column":43},"end":{"line":169,"column":75},"skip":true},{"start":{"line":169,"column":79},"end":{"line":178,"column":9},"skip":true}]},"17":{"line":180,"type":"binary-expr","locations":[{"start":{"line":180,"column":41},"end":{"line":180,"column":71},"skip":true},{"start":{"line":180,"column":75},"end":{"line":189,"column":9},"skip":true}]}},"code":["/* istanbul instrument in package npmtest_npm_cache */","/*jslint","    bitwise: true,","    browser: true,","    maxerr: 8,","    maxlen: 96,","    node: true,","    nomen: true,","    regexp: true,","    stupid: true","*/","(function () {","    'use strict';","    var local;","","","","    // run shared js-env code - pre-init","    (function () {","        // init local","        local = {};","        // init modeJs","        local.modeJs = (function () {","            try {","                return typeof navigator.userAgent === 'string' &&","                    typeof document.querySelector('body') === 'object' &&","                    typeof XMLHttpRequest.prototype.open === 'function' &&","                    'browser';","            } catch (errorCaughtBrowser) {","                return module.exports &&","                    typeof process.versions.node === 'string' &&","                    typeof require('http').createServer === 'function' &&","                    'node';","            }","        }());","        // init global","        local.global = local.modeJs === 'browser'","            ? window","            : global;","        switch (local.modeJs) {","        // re-init local from window.local","        case 'browser':","            local = local.global.utility2.objectSetDefault(","                local.global.utility2_rollup || local.global.local,","                local.global.utility2","            );","            break;","        // re-init local from example.js","        case 'node':","            local = (local.global.utility2_rollup || require('utility2'))","                .requireReadme();","            break;","        }","        // export local","        local.global.local = local;","    }());","","","","    // run shared js-env code - function","    (function () {","        return;","    }());","    switch (local.modeJs) {","","","","    // run browser js-env code - function","    case 'browser':","        break;","","","","    // run node js-env code - function","    case 'node':","        break;","    }","","","","    // run shared js-env code - post-init","    (function () {","        return;","    }());","    switch (local.modeJs) {","","","","    // run browser js-env code - post-init","    case 'browser':","        local.testCase_browser_nullCase = local.testCase_browser_nullCase || function (","            options,","            onError","        ) {","        /*","         * this function will test browsers's null-case handling-behavior-behavior","         */","            onError(null, options);","        };","","        // run tests","        local.nop(local.modeTest &&","            document.querySelector('#testRunButton1') &&","            document.querySelector('#testRunButton1').click());","        break;","","","","    // run node js-env code - post-init","    /* istanbul ignore next */","    case 'node':","        local.testCase_buildApidoc_default = local.testCase_buildApidoc_default || function (","            options,","            onError","        ) {","        /*","         * this function will test buildApidoc's default handling-behavior-behavior","         */","            options = { modulePathList: module.paths };","            local.buildApidoc(options, onError);","        };","","        local.testCase_buildApp_default = local.testCase_buildApp_default || function (","            options,","            onError","        ) {","        /*","         * this function will test buildApp's default handling-behavior-behavior","         */","            local.testCase_buildReadme_default(options, local.onErrorThrow);","            local.testCase_buildLib_default(options, local.onErrorThrow);","            local.testCase_buildTest_default(options, local.onErrorThrow);","            local.testCase_buildCustomOrg_default(options, local.onErrorThrow);","            options = [];","            local.buildApp(options, onError);","        };","","        local.testCase_buildCustomOrg_default = local.testCase_buildCustomOrg_default ||","            function (options, onError) {","            /*","             * this function will test buildCustomOrg's default handling-behavior","             */","                options = {};","                local.buildCustomOrg(options, onError);","            };","","        local.testCase_buildLib_default = local.testCase_buildLib_default || function (","            options,","            onError","        ) {","        /*","         * this function will test buildLib's default handling-behavior","         */","            options = {};","            local.buildLib(options, onError);","        };","","        local.testCase_buildReadme_default = local.testCase_buildReadme_default || function (","            options,","            onError","        ) {","        /*","         * this function will test buildReadme's default handling-behavior-behavior","         */","            options = {};","            local.buildReadme(options, onError);","        };","","        local.testCase_buildTest_default = local.testCase_buildTest_default || function (","            options,","            onError","        ) {","        /*","         * this function will test buildTest's default handling-behavior","         */","            options = {};","            local.buildTest(options, onError);","        };","","        local.testCase_webpage_default = local.testCase_webpage_default || function (","            options,","            onError","        ) {","        /*","         * this function will test webpage's default handling-behavior","         */","            options = { modeCoverageMerge: true, url: local.serverLocalHost + '?modeTest=1' };","            local.browserTest(options, onError);","        };","","        // run test-server","        local.testRunServer(local);","        break;","    }","}());",""],"l":{"12":2,"14":2,"19":2,"21":2,"23":2,"24":2,"25":2,"30":1,"37":2,"40":2,"43":1,"47":1,"50":1,"52":1,"55":2,"61":2,"62":2,"64":2,"70":1,"76":1,"82":2,"83":2,"85":2,"91":1,"98":1,"102":1,"105":1,"112":1,"119":1,"120":1,"123":1,"130":1,"131":1,"132":1,"133":1,"134":1,"135":1,"138":1,"143":2,"144":2,"147":1,"154":2,"155":2,"158":1,"165":2,"166":2,"169":1,"176":2,"177":2,"180":1,"187":1,"188":1,"192":1,"193":1}},"/home/travis/build/npmtest/node-npmtest-npm-cache/lib.npmtest_npm_cache.js":{"path":"/home/travis/build/npmtest/node-npmtest-npm-cache/lib.npmtest_npm_cache.js","s":{"1":2,"2":2,"3":2,"4":2,"5":2,"6":2,"7":2,"8":1,"9":2,"10":2,"11":2,"12":2,"13":1,"14":1,"15":1,"16":1},"b":{"1":[2,1,1,1],"2":[1,1,1,1],"3":[1,1],"4":[2,2],"5":[1,1]},"f":{"1":2,"2":2,"3":2},"fnMap":{"1":{"name":"(anonymous_1)","line":12,"loc":{"start":{"line":12,"column":1},"end":{"line":12,"column":13}}},"2":{"name":"(anonymous_2)","line":19,"loc":{"start":{"line":19,"column":5},"end":{"line":19,"column":17}}},"3":{"name":"(anonymous_3)","line":23,"loc":{"start":{"line":23,"column":24},"end":{"line":23,"column":36}}}},"statementMap":{"1":{"start":{"line":12,"column":0},"end":{"line":53,"column":5}},"2":{"start":{"line":14,"column":4},"end":{"line":14,"column":14}},"3":{"start":{"line":19,"column":4},"end":{"line":52,"column":9}},"4":{"start":{"line":21,"column":8},"end":{"line":21,"column":19}},"5":{"start":{"line":23,"column":8},"end":{"line":35,"column":13}},"6":{"start":{"line":24,"column":12},"end":{"line":34,"column":13}},"7":{"start":{"line":25,"column":16},"end":{"line":28,"column":30}},"8":{"start":{"line":30,"column":16},"end":{"line":33,"column":27}},"9":{"start":{"line":37,"column":8},"end":{"line":39,"column":21}},"10":{"start":{"line":41,"column":8},"end":{"line":41,"column":54}},"11":{"start":{"line":43,"column":8},"end":{"line":43,"column":54}},"12":{"start":{"line":45,"column":8},"end":{"line":51,"column":9}},"13":{"start":{"line":46,"column":12},"end":{"line":46,"column":60}},"14":{"start":{"line":48,"column":12},"end":{"line":48,"column":35}},"15":{"start":{"line":49,"column":12},"end":{"line":49,"column":49}},"16":{"start":{"line":50,"column":12},"end":{"line":50,"column":43}}},"branchMap":{"1":{"line":25,"type":"binary-expr","locations":[{"start":{"line":25,"column":23},"end":{"line":25,"column":62}},{"start":{"line":26,"column":20},"end":{"line":26,"column":70}},{"start":{"line":27,"column":20},"end":{"line":27,"column":71}},{"start":{"line":28,"column":20},"end":{"line":28,"column":29}}]},"2":{"line":30,"type":"binary-expr","locations":[{"start":{"line":30,"column":23},"end":{"line":30,"column":37}},{"start":{"line":31,"column":20},"end":{"line":31,"column":61}},{"start":{"line":32,"column":20},"end":{"line":32,"column":70}},{"start":{"line":33,"column":20},"end":{"line":33,"column":26}}]},"3":{"line":37,"type":"cond-expr","locations":[{"start":{"line":38,"column":14},"end":{"line":38,"column":20}},{"start":{"line":39,"column":14},"end":{"line":39,"column":20}}]},"4":{"line":41,"type":"binary-expr","locations":[{"start":{"line":41,"column":16},"end":{"line":41,"column":44}},{"start":{"line":41,"column":48},"end":{"line":41,"column":53}}]},"5":{"line":45,"type":"if","locations":[{"start":{"line":45,"column":8},"end":{"line":45,"column":8}},{"start":{"line":45,"column":8},"end":{"line":45,"column":8}}]}},"code":["/* istanbul instrument in package npmtest_npm_cache */","/*jslint","    bitwise: true,","    browser: true,","    maxerr: 8,","    maxlen: 96,","    node: true,","    nomen: true,","    regexp: true,","    stupid: true","*/","(function () {","    'use strict';","    var local;","","","","    // run shared js-env code - pre-init","    (function () {","        // init local","        local = {};","        // init modeJs","        local.modeJs = (function () {","            try {","                return typeof navigator.userAgent === 'string' &&","                    typeof document.querySelector('body') === 'object' &&","                    typeof XMLHttpRequest.prototype.open === 'function' &&","                    'browser';","            } catch (errorCaughtBrowser) {","                return module.exports &&","                    typeof process.versions.node === 'string' &&","                    typeof require('http').createServer === 'function' &&","                    'node';","            }","        }());","        // init global","        local.global = local.modeJs === 'browser'","            ? window","            : global;","        // init utility2_rollup","        local = local.global.utility2_rollup || local;","        // init lib","        local.local = local.npmtest_npm_cache = local;","        // init exports","        if (local.modeJs === 'browser') {","            local.global.utility2_npmtest_npm_cache = local;","        } else {","            module.exports = local;","            module.exports.__dirname = __dirname;","            module.exports.module = module;","        }","    }());","}());",""],"l":{"12":2,"14":2,"19":2,"21":2,"23":2,"24":2,"25":2,"30":1,"37":2,"41":2,"43":2,"45":2,"46":1,"48":1,"49":1,"50":1}},"/home/travis/build/npmtest/node-npmtest-npm-cache/example.js":{"path":"/home/travis/build/npmtest/node-npmtest-npm-cache/example.js","s":{"1":2,"2":2,"3":2,"4":2,"5":2,"6":2,"7":2,"8":1,"9":2,"10":2,"11":2,"12":2,"13":1,"14":2,"15":2,"16":2,"17":2,"18":2,"19":0,"20":2,"21":1,"22":1,"23":1,"24":1,"25":1,"26":0,"27":0,"28":1,"29":1,"30":2,"31":0,"32":0,"33":0,"34":1,"35":2,"36":2,"37":3,"38":3,"39":3,"40":3,"41":0,"42":3,"43":3,"44":3,"45":1,"46":3,"47":1,"48":1,"49":1,"50":1,"51":1,"52":1,"53":1,"54":1,"55":1,"56":1,"57":0,"58":1,"59":6,"60":6,"61":1,"62":2,"63":0,"64":2,"65":1,"66":1,"67":0,"68":0,"69":0,"70":0,"71":0,"72":0,"73":0,"74":0,"75":0,"76":0,"77":0,"78":0,"79":0,"80":0,"81":0,"82":0,"83":0},"b":{"1":[2,1,1,1],"2":[1,1,1,1],"3":[1,1],"4":[2,2],"5":[1,1],"6":[1,1],"7":[2,0],"8":[2,1,1,1,1,1],"9":[0,2,0],"10":[1,1],"11":[2,1,1],"12":[1,0],"13":[0,2],"14":[2,0,0,0,0,0,0],"15":[0,3],"16":[3,0],"17":[1,1],"18":[0,1],"19":[1,2,0,2],"20":[1,0],"21":[1,1],"22":[0,0],"23":[0,0],"24":[0,0],"25":[0,0],"26":[0,0],"27":[0,0],"28":[0,0]},"f":{"1":2,"2":2,"3":2,"4":2,"5":2,"6":2,"7":3,"8":3,"9":3,"10":1,"11":6,"12":0},"fnMap":{"1":{"name":"(anonymous_1)","line":26,"loc":{"start":{"line":26,"column":1},"end":{"line":26,"column":13}}},"2":{"name":"(anonymous_2)","line":33,"loc":{"start":{"line":33,"column":5},"end":{"line":33,"column":17}}},"3":{"name":"(anonymous_3)","line":37,"loc":{"start":{"line":37,"column":24},"end":{"line":37,"column":36}}},"4":{"name":"(anonymous_4)","line":69,"loc":{"start":{"line":69,"column":31},"end":{"line":69,"column":48}},"skip":true},"5":{"name":"(anonymous_5)","line":78,"loc":{"start":{"line":78,"column":26},"end":{"line":78,"column":45}},"skip":true},"6":{"name":"(anonymous_6)","line":123,"loc":{"start":{"line":123,"column":33},"end":{"line":123,"column":48}},"skip":true},"7":{"name":"(anonymous_7)","line":125,"loc":{"start":{"line":125,"column":27},"end":{"line":125,"column":39}},"skip":true},"8":{"name":"(anonymous_8)","line":133,"loc":{"start":{"line":133,"column":59},"end":{"line":133,"column":74}},"skip":true},"9":{"name":"(anonymous_9)","line":143,"loc":{"start":{"line":143,"column":45},"end":{"line":143,"column":62}},"skip":true},"10":{"name":"(anonymous_10)","line":144,"loc":{"start":{"line":144,"column":73},"end":{"line":144,"column":92}},"skip":true},"11":{"name":"(anonymous_11)","line":272,"loc":{"start":{"line":272,"column":51},"end":{"line":272,"column":77}},"skip":true},"12":{"name":"(anonymous_12)","line":315,"loc":{"start":{"line":315,"column":32},"end":{"line":315,"column":61}},"skip":true}},"statementMap":{"1":{"start":{"line":26,"column":0},"end":{"line":326,"column":5}},"2":{"start":{"line":28,"column":4},"end":{"line":28,"column":14}},"3":{"start":{"line":33,"column":4},"end":{"line":60,"column":9}},"4":{"start":{"line":35,"column":8},"end":{"line":35,"column":19}},"5":{"start":{"line":37,"column":8},"end":{"line":49,"column":13}},"6":{"start":{"line":38,"column":12},"end":{"line":48,"column":13}},"7":{"start":{"line":39,"column":16},"end":{"line":42,"column":30}},"8":{"start":{"line":44,"column":16},"end":{"line":47,"column":27}},"9":{"start":{"line":51,"column":8},"end":{"line":53,"column":21}},"10":{"start":{"line":55,"column":8},"end":{"line":57,"column":45}},"11":{"start":{"line":59,"column":8},"end":{"line":59,"column":35}},"12":{"start":{"line":61,"column":4},"end":{"line":325,"column":5}},"13":{"start":{"line":69,"column":8},"end":{"line":121,"column":10},"skip":true},"14":{"start":{"line":70,"column":12},"end":{"line":88,"column":13},"skip":true},"15":{"start":{"line":76,"column":16},"end":{"line":87,"column":19},"skip":true},"16":{"start":{"line":79,"column":20},"end":{"line":86,"column":21},"skip":true},"17":{"start":{"line":82,"column":24},"end":{"line":82,"column":43},"skip":true},"18":{"start":{"line":83,"column":24},"end":{"line":83,"column":30},"skip":true},"19":{"start":{"line":85,"column":24},"end":{"line":85,"column":49},"skip":true},"20":{"start":{"line":89,"column":12},"end":{"line":107,"column":13},"skip":true},"21":{"start":{"line":92,"column":16},"end":{"line":102,"column":17},"skip":true},"22":{"start":{"line":93,"column":20},"end":{"line":93,"column":86},"skip":true},"23":{"start":{"line":94,"column":20},"end":{"line":95,"column":45},"skip":true},"24":{"start":{"line":96,"column":20},"end":{"line":96,"column":42},"skip":true},"25":{"start":{"line":97,"column":20},"end":{"line":97,"column":48},"skip":true},"26":{"start":{"line":100,"column":20},"end":{"line":100,"column":85},"skip":true},"27":{"start":{"line":101,"column":20},"end":{"line":101,"column":96},"skip":true},"28":{"start":{"line":103,"column":16},"end":{"line":103,"column":22},"skip":true},"29":{"start":{"line":106,"column":16},"end":{"line":106,"column":22},"skip":true},"30":{"start":{"line":108,"column":12},"end":{"line":120,"column":13},"skip":true},"31":{"start":{"line":114,"column":16},"end":{"line":119,"column":17},"skip":true},"32":{"start":{"line":116,"column":20},"end":{"line":116,"column":78},"skip":true},"33":{"start":{"line":118,"column":20},"end":{"line":118,"column":47},"skip":true},"34":{"start":{"line":123,"column":8},"end":{"line":141,"column":11},"skip":true},"35":{"start":{"line":124,"column":12},"end":{"line":124,"column":54},"skip":true},"36":{"start":{"line":125,"column":12},"end":{"line":140,"column":14},"skip":true},"37":{"start":{"line":126,"column":16},"end":{"line":126,"column":28},"skip":true},"38":{"start":{"line":127,"column":16},"end":{"line":127,"column":69},"skip":true},"39":{"start":{"line":128,"column":16},"end":{"line":128,"column":75},"skip":true},"40":{"start":{"line":129,"column":16},"end":{"line":131,"column":17},"skip":true},"41":{"start":{"line":130,"column":20},"end":{"line":130,"column":27},"skip":true},"42":{"start":{"line":133,"column":16},"end":{"line":137,"column":36},"skip":true},"43":{"start":{"line":134,"column":20},"end":{"line":136,"column":55},"skip":true},"44":{"start":{"line":139,"column":16},"end":{"line":139,"column":57},"skip":true},"45":{"start":{"line":143,"column":8},"end":{"line":147,"column":11},"skip":true},"46":{"start":{"line":144,"column":12},"end":{"line":146,"column":15},"skip":true},"47":{"start":{"line":145,"column":16},"end":{"line":145,"column":70},"skip":true},"48":{"start":{"line":149,"column":8},"end":{"line":149,"column":31},"skip":true},"49":{"start":{"line":150,"column":8},"end":{"line":150,"column":14},"skip":true},"50":{"start":{"line":158,"column":8},"end":{"line":158,"column":31},"skip":true},"51":{"start":{"line":160,"column":8},"end":{"line":160,"column":33},"skip":true},"52":{"start":{"line":161,"column":8},"end":{"line":161,"column":37},"skip":true},"53":{"start":{"line":162,"column":8},"end":{"line":162,"column":35},"skip":true},"54":{"start":{"line":164,"column":8},"end":{"line":164,"column":50},"skip":true},"55":{"start":{"line":166,"column":8},"end":{"line":256,"column":2},"skip":true},"56":{"start":{"line":258,"column":8},"end":{"line":286,"column":9},"skip":true},"57":{"start":{"line":259,"column":12},"end":{"line":269,"column":14},"skip":true},"58":{"start":{"line":271,"column":12},"end":{"line":285,"column":19},"skip":true},"59":{"start":{"line":274,"column":20},"end":{"line":274,"column":35},"skip":true},"60":{"start":{"line":275,"column":20},"end":{"line":284,"column":21},"skip":true},"61":{"start":{"line":277,"column":24},"end":{"line":277,"column":64},"skip":true},"62":{"start":{"line":279,"column":24},"end":{"line":279,"column":40},"skip":true},"63":{"start":{"line":281,"column":24},"end":{"line":281,"column":40},"skip":true},"64":{"start":{"line":283,"column":24},"end":{"line":283,"column":39},"skip":true},"65":{"start":{"line":288,"column":8},"end":{"line":290,"column":9},"skip":true},"66":{"start":{"line":289,"column":12},"end":{"line":289,"column":18},"skip":true},"67":{"start":{"line":291,"column":8},"end":{"line":293,"column":54},"skip":true},"68":{"start":{"line":296,"column":8},"end":{"line":301,"column":37},"skip":true},"69":{"start":{"line":303,"column":8},"end":{"line":303,"column":82},"skip":true},"70":{"start":{"line":306,"column":8},"end":{"line":308,"column":9},"skip":true},"71":{"start":{"line":307,"column":12},"end":{"line":307,"column":82},"skip":true},"72":{"start":{"line":310,"column":8},"end":{"line":312,"column":9},"skip":true},"73":{"start":{"line":311,"column":12},"end":{"line":311,"column":18},"skip":true},"74":{"start":{"line":313,"column":8},"end":{"line":313,"column":54},"skip":true},"75":{"start":{"line":314,"column":8},"end":{"line":314,"column":69},"skip":true},"76":{"start":{"line":315,"column":8},"end":{"line":323,"column":36},"skip":true},"77":{"start":{"line":316,"column":12},"end":{"line":316,"column":61},"skip":true},"78":{"start":{"line":317,"column":12},"end":{"line":320,"column":13},"skip":true},"79":{"start":{"line":318,"column":16},"end":{"line":318,"column":75},"skip":true},"80":{"start":{"line":319,"column":16},"end":{"line":319,"column":23},"skip":true},"81":{"start":{"line":321,"column":12},"end":{"line":321,"column":38},"skip":true},"82":{"start":{"line":322,"column":12},"end":{"line":322,"column":27},"skip":true},"83":{"start":{"line":324,"column":8},"end":{"line":324,"column":14},"skip":true}},"branchMap":{"1":{"line":39,"type":"binary-expr","locations":[{"start":{"line":39,"column":23},"end":{"line":39,"column":62}},{"start":{"line":40,"column":20},"end":{"line":40,"column":70}},{"start":{"line":41,"column":20},"end":{"line":41,"column":71}},{"start":{"line":42,"column":20},"end":{"line":42,"column":29}}]},"2":{"line":44,"type":"binary-expr","locations":[{"start":{"line":44,"column":23},"end":{"line":44,"column":37}},{"start":{"line":45,"column":20},"end":{"line":45,"column":61}},{"start":{"line":46,"column":20},"end":{"line":46,"column":70}},{"start":{"line":47,"column":20},"end":{"line":47,"column":26}}]},"3":{"line":51,"type":"cond-expr","locations":[{"start":{"line":52,"column":14},"end":{"line":52,"column":20}},{"start":{"line":53,"column":14},"end":{"line":53,"column":20}}]},"4":{"line":55,"type":"binary-expr","locations":[{"start":{"line":55,"column":16},"end":{"line":55,"column":44}},{"start":{"line":55,"column":49},"end":{"line":57,"column":43}}]},"5":{"line":55,"type":"cond-expr","locations":[{"start":{"line":56,"column":14},"end":{"line":56,"column":53}},{"start":{"line":57,"column":14},"end":{"line":57,"column":43}}]},"6":{"line":61,"type":"switch","locations":[{"start":{"line":68,"column":4},"end":{"line":150,"column":14},"skip":true},{"start":{"line":156,"column":4},"end":{"line":324,"column":14},"skip":true}]},"7":{"line":70,"type":"if","locations":[{"start":{"line":70,"column":12},"end":{"line":70,"column":12},"skip":true},{"start":{"line":70,"column":12},"end":{"line":70,"column":12},"skip":true}]},"8":{"line":70,"type":"binary-expr","locations":[{"start":{"line":70,"column":16},"end":{"line":70,"column":22},"skip":true},{"start":{"line":70,"column":27},"end":{"line":70,"column":32},"skip":true},{"start":{"line":71,"column":20},"end":{"line":71,"column":39},"skip":true},{"start":{"line":72,"column":20},"end":{"line":72,"column":49},"skip":true},{"start":{"line":73,"column":20},"end":{"line":73,"column":58},"skip":true},{"start":{"line":74,"column":20},"end":{"line":74,"column":69},"skip":true}]},"9":{"line":79,"type":"switch","locations":[{"start":{"line":80,"column":20},"end":{"line":80,"column":33},"skip":true},{"start":{"line":81,"column":20},"end":{"line":83,"column":30},"skip":true},{"start":{"line":84,"column":20},"end":{"line":85,"column":49},"skip":true}]},"10":{"line":89,"type":"switch","locations":[{"start":{"line":90,"column":12},"end":{"line":103,"column":22},"skip":true},{"start":{"line":105,"column":12},"end":{"line":106,"column":22},"skip":true}]},"11":{"line":89,"type":"binary-expr","locations":[{"start":{"line":89,"column":20},"end":{"line":89,"column":25},"skip":true},{"start":{"line":89,"column":29},"end":{"line":89,"column":48},"skip":true},{"start":{"line":89,"column":52},"end":{"line":89,"column":74},"skip":true}]},"12":{"line":92,"type":"if","locations":[{"start":{"line":92,"column":16},"end":{"line":92,"column":16},"skip":true},{"start":{"line":92,"column":16},"end":{"line":92,"column":16},"skip":true}]},"13":{"line":108,"type":"if","locations":[{"start":{"line":108,"column":12},"end":{"line":108,"column":12},"skip":true},{"start":{"line":108,"column":12},"end":{"line":108,"column":12},"skip":true}]},"14":{"line":108,"type":"binary-expr","locations":[{"start":{"line":108,"column":16},"end":{"line":108,"column":61},"skip":true},{"start":{"line":108,"column":66},"end":{"line":108,"column":72},"skip":true},{"start":{"line":108,"column":77},"end":{"line":108,"column":82},"skip":true},{"start":{"line":109,"column":20},"end":{"line":109,"column":39},"skip":true},{"start":{"line":110,"column":20},"end":{"line":110,"column":49},"skip":true},{"start":{"line":111,"column":20},"end":{"line":111,"column":58},"skip":true},{"start":{"line":112,"column":20},"end":{"line":112,"column":68},"skip":true}]},"15":{"line":129,"type":"if","locations":[{"start":{"line":129,"column":16},"end":{"line":129,"column":16},"skip":true},{"start":{"line":129,"column":16},"end":{"line":129,"column":16},"skip":true}]},"16":{"line":134,"type":"cond-expr","locations":[{"start":{"line":135,"column":26},"end":{"line":135,"column":29},"skip":true},{"start":{"line":136,"column":26},"end":{"line":136,"column":54},"skip":true}]},"17":{"line":164,"type":"binary-expr","locations":[{"start":{"line":164,"column":27},"end":{"line":164,"column":43},"skip":true},{"start":{"line":164,"column":47},"end":{"line":164,"column":49},"skip":true}]},"18":{"line":258,"type":"if","locations":[{"start":{"line":258,"column":8},"end":{"line":258,"column":8},"skip":true},{"start":{"line":258,"column":8},"end":{"line":258,"column":8},"skip":true}]},"19":{"line":275,"type":"switch","locations":[{"start":{"line":276,"column":20},"end":{"line":277,"column":64},"skip":true},{"start":{"line":278,"column":20},"end":{"line":279,"column":40},"skip":true},{"start":{"line":280,"column":20},"end":{"line":281,"column":40},"skip":true},{"start":{"line":282,"column":20},"end":{"line":283,"column":39},"skip":true}]},"20":{"line":288,"type":"if","locations":[{"start":{"line":288,"column":8},"end":{"line":288,"column":8},"skip":true},{"start":{"line":288,"column":8},"end":{"line":288,"column":8},"skip":true}]},"21":{"line":288,"type":"binary-expr","locations":[{"start":{"line":288,"column":12},"end":{"line":288,"column":40},"skip":true},{"start":{"line":288,"column":44},"end":{"line":288,"column":67},"skip":true}]},"22":{"line":292,"type":"binary-expr","locations":[{"start":{"line":292,"column":12},"end":{"line":292,"column":50},"skip":true},{"start":{"line":293,"column":12},"end":{"line":293,"column":53},"skip":true}]},"23":{"line":297,"type":"binary-expr","locations":[{"start":{"line":297,"column":12},"end":{"line":297,"column":67},"skip":true},{"start":{"line":298,"column":12},"end":{"line":301,"column":36},"skip":true}]},"24":{"line":303,"type":"binary-expr","locations":[{"start":{"line":303,"column":43},"end":{"line":303,"column":75},"skip":true},{"start":{"line":303,"column":79},"end":{"line":303,"column":81},"skip":true}]},"25":{"line":306,"type":"if","locations":[{"start":{"line":306,"column":8},"end":{"line":306,"column":8},"skip":true},{"start":{"line":306,"column":8},"end":{"line":306,"column":8},"skip":true}]},"26":{"line":310,"type":"if","locations":[{"start":{"line":310,"column":8},"end":{"line":310,"column":8},"skip":true},{"start":{"line":310,"column":8},"end":{"line":310,"column":8},"skip":true}]},"27":{"line":313,"type":"binary-expr","locations":[{"start":{"line":313,"column":27},"end":{"line":313,"column":43},"skip":true},{"start":{"line":313,"column":47},"end":{"line":313,"column":53},"skip":true}]},"28":{"line":317,"type":"if","locations":[{"start":{"line":317,"column":12},"end":{"line":317,"column":12},"skip":true},{"start":{"line":317,"column":12},"end":{"line":317,"column":12},"skip":true}]}},"code":["/*","example.js","","quickstart example","","instruction","    1. save this script as example.js","    2. run the shell command:","        $ npm install npmtest-npm-cache && PORT=8081 node example.js","    3. play with the browser-demo on http://127.0.0.1:8081","*/","","","","/* istanbul instrument in package npmtest_npm_cache */","/*jslint","    bitwise: true,","    browser: true,","    maxerr: 8,","    maxlen: 96,","    node: true,","    nomen: true,","    regexp: true,","    stupid: true","*/","(function () {","    'use strict';","    var local;","","","","    // run shared js-env code - pre-init","    (function () {","        // init local","        local = {};","        // init modeJs","        local.modeJs = (function () {","            try {","                return typeof navigator.userAgent === 'string' &&","                    typeof document.querySelector('body') === 'object' &&","                    typeof XMLHttpRequest.prototype.open === 'function' &&","                    'browser';","            } catch (errorCaughtBrowser) {","                return module.exports &&","                    typeof process.versions.node === 'string' &&","                    typeof require('http').createServer === 'function' &&","                    'node';","            }","        }());","        // init global","        local.global = local.modeJs === 'browser'","            ? window","            : global;","        // init utility2_rollup","        local = local.global.utility2_rollup || (local.modeJs === 'browser'","            ? local.global.utility2_npmtest_npm_cache","            : global.utility2_moduleExports);","        // export local","        local.global.local = local;","    }());","    switch (local.modeJs) {","","","","    // post-init","    // run browser js-env code - post-init","    /* istanbul ignore next */","    case 'browser':","        local.testRunBrowser = function (event) {","            if (!event || (event &&","                    event.currentTarget &&","                    event.currentTarget.className &&","                    event.currentTarget.className.includes &&","                    event.currentTarget.className.includes('onreset'))) {","                // reset output","                Array.from(","                    document.querySelectorAll('body > .resettable')","                ).forEach(function (element) {","                    switch (element.tagName) {","                    case 'INPUT':","                    case 'TEXTAREA':","                        element.value = '';","                        break;","                    default:","                        element.textContent = '';","                    }","                });","            }","            switch (event && event.currentTarget && event.currentTarget.id) {","            case 'testRunButton1':","                // show tests","                if (document.querySelector('#testReportDiv1').style.display === 'none') {","                    document.querySelector('#testReportDiv1').style.display = 'block';","                    document.querySelector('#testRunButton1').textContent =","                        'hide internal test';","                    local.modeTest = true;","                    local.testRunDefault(local);","                // hide tests","                } else {","                    document.querySelector('#testReportDiv1').style.display = 'none';","                    document.querySelector('#testRunButton1').textContent = 'run internal test';","                }","                break;","            // custom-case","            default:","                break;","            }","            if (document.querySelector('#inputTextareaEval1') && (!event || (event &&","                    event.currentTarget &&","                    event.currentTarget.className &&","                    event.currentTarget.className.includes &&","                    event.currentTarget.className.includes('oneval')))) {","                // try to eval input-code","                try {","                    /*jslint evil: true*/","                    eval(document.querySelector('#inputTextareaEval1').value);","                } catch (errorCaught) {","                    console.error(errorCaught);","                }","            }","        };","        // log stderr and stdout to #outputTextareaStdout1","        ['error', 'log'].forEach(function (key) {","            console[key + '_original'] = console[key];","            console[key] = function () {","                var element;","                console[key + '_original'].apply(console, arguments);","                element = document.querySelector('#outputTextareaStdout1');","                if (!element) {","                    return;","                }","                // append text to #outputTextareaStdout1","                element.value += Array.from(arguments).map(function (arg) {","                    return typeof arg === 'string'","                        ? arg","                        : JSON.stringify(arg, null, 4);","                }).join(' ') + '\\n';","                // scroll textarea to bottom","                element.scrollTop = element.scrollHeight;","            };","        });","        // init event-handling","        ['change', 'click', 'keyup'].forEach(function (event) {","            Array.from(document.querySelectorAll('.on' + event)).forEach(function (element) {","                element.addEventListener(event, local.testRunBrowser);","            });","        });","        // run tests","        local.testRunBrowser();","        break;","","","","    // run node js-env code - post-init","    /* istanbul ignore next */","    case 'node':","        // export local","        module.exports = local;","        // require modules","        local.fs = require('fs');","        local.http = require('http');","        local.url = require('url');","        // init assets","        local.assetsDict = local.assetsDict || {};","        /* jslint-ignore-begin */","        local.assetsDict['/assets.index.template.html'] = '\\","<!doctype html>\\n\\","<html lang=\"en\">\\n\\","<head>\\n\\","<meta charset=\"UTF-8\">\\n\\","<meta name=\"viewport\" content=\"width=device-width, initial-scale=1\">\\n\\","<title>{{env.npm_package_name}} (v{{env.npm_package_version}})</title>\\n\\","<style>\\n\\","/*csslint\\n\\","    box-sizing: false,\\n\\","    universal-selector: false\\n\\","*/\\n\\","* {\\n\\","    box-sizing: border-box;\\n\\","}\\n\\","body {\\n\\","    background: #dde;\\n\\","    font-family: Arial, Helvetica, sans-serif;\\n\\","    margin: 2rem;\\n\\","}\\n\\","body > * {\\n\\","    margin-bottom: 1rem;\\n\\","}\\n\\",".utility2FooterDiv {\\n\\","    margin-top: 20px;\\n\\","    text-align: center;\\n\\","}\\n\\","</style>\\n\\","<style>\\n\\","/*csslint\\n\\","*/\\n\\","textarea {\\n\\","    font-family: monospace;\\n\\","    height: 10rem;\\n\\","    width: 100%;\\n\\","}\\n\\","textarea[readonly] {\\n\\","    background: #ddd;\\n\\","}\\n\\","</style>\\n\\","</head>\\n\\","<body>\\n\\","<!-- utility2-comment\\n\\","<div id=\"ajaxProgressDiv1\" style=\"background: #d00; height: 2px; left: 0; margin: 0; padding: 0; position: fixed; top: 0; transition: background 0.5s, width 1.5s; width: 25%;\"></div>\\n\\","utility2-comment -->\\n\\","<h1>\\n\\","<!-- utility2-comment\\n\\","    <a\\n\\","        {{#if env.npm_package_homepage}}\\n\\","        href=\"{{env.npm_package_homepage}}\"\\n\\","        {{/if env.npm_package_homepage}}\\n\\","        target=\"_blank\"\\n\\","    >\\n\\","utility2-comment -->\\n\\","        {{env.npm_package_name}} (v{{env.npm_package_version}})\\n\\","<!-- utility2-comment\\n\\","    </a>\\n\\","utility2-comment -->\\n\\","</h1>\\n\\","<h3>{{env.npm_package_description}}</h3>\\n\\","<!-- utility2-comment\\n\\","<h4><a download href=\"assets.app.js\">download standalone app</a></h4>\\n\\","<button class=\"onclick onreset\" id=\"testRunButton1\">run internal test</button><br>\\n\\","<div id=\"testReportDiv1\" style=\"display: none;\"></div>\\n\\","utility2-comment -->\\n\\","\\n\\","\\n\\","\\n\\","<label>stderr and stdout</label>\\n\\","<textarea class=\"resettable\" id=\"outputTextareaStdout1\" readonly></textarea>\\n\\","<!-- utility2-comment\\n\\","{{#if isRollup}}\\n\\","<script src=\"assets.app.js\"></script>\\n\\","{{#unless isRollup}}\\n\\","utility2-comment -->\\n\\","<script src=\"assets.utility2.rollup.js\"></script>\\n\\","<script src=\"jsonp.utility2._stateInit?callback=window.utility2._stateInit\"></script>\\n\\","<script src=\"assets.npmtest_npm_cache.rollup.js\"></script>\\n\\","<script src=\"assets.example.js\"></script>\\n\\","<script src=\"assets.test.js\"></script>\\n\\","<!-- utility2-comment\\n\\","{{/if isRollup}}\\n\\","utility2-comment -->\\n\\","<div class=\"utility2FooterDiv\">\\n\\","    [ this app was created with\\n\\","    <a href=\"https://github.com/kaizhu256/node-utility2\" target=\"_blank\">utility2</a>\\n\\","    ]\\n\\","</div>\\n\\","</body>\\n\\","</html>\\n\\","';","        /* jslint-ignore-end */","        if (local.templateRender) {","            local.assetsDict['/'] = local.templateRender(","                local.assetsDict['/assets.index.template.html'],","                {","                    env: local.objectSetDefault(local.env, {","                        npm_package_description: 'the greatest app in the world!',","                        npm_package_name: 'my-app',","                        npm_package_nameAlias: 'my_app',","                        npm_package_version: '0.0.1'","                    })","                }","            );","        } else {","            local.assetsDict['/'] = local.assetsDict['/assets.index.template.html']","                .replace((/\\{\\{env\\.(\\w+?)\\}\\}/g), function (match0, match1) {","                    // jslint-hack","                    String(match0);","                    switch (match1) {","                    case 'npm_package_description':","                        return 'the greatest app in the world!';","                    case 'npm_package_name':","                        return 'my-app';","                    case 'npm_package_nameAlias':","                        return 'my_app';","                    case 'npm_package_version':","                        return '0.0.1';","                    }","                });","        }","        // run the cli","        if (local.global.utility2_rollup || module !== require.main) {","            break;","        }","        local.assetsDict['/assets.example.js'] =","            local.assetsDict['/assets.example.js'] ||","            local.fs.readFileSync(__filename, 'utf8');","        // bug-workaround - long $npm_package_buildCustomOrg","        /* jslint-ignore-begin */","        local.assetsDict['/assets.npmtest_npm_cache.rollup.js'] =","            local.assetsDict['/assets.npmtest_npm_cache.rollup.js'] ||","            local.fs.readFileSync(","                local.npmtest_npm_cache.__dirname + '/lib.npmtest_npm_cache.js',","                'utf8'","            ).replace((/^#!/), '//');","        /* jslint-ignore-end */","        local.assetsDict['/favicon.ico'] = local.assetsDict['/favicon.ico'] || '';","        // if $npm_config_timeout_exit exists,","        // then exit this process after $npm_config_timeout_exit ms","        if (Number(process.env.npm_config_timeout_exit)) {","            setTimeout(process.exit, Number(process.env.npm_config_timeout_exit));","        }","        // start server","        if (local.global.utility2_serverHttp1) {","            break;","        }","        process.env.PORT = process.env.PORT || '8081';","        console.error('server starting on port ' + process.env.PORT);","        local.http.createServer(function (request, response) {","            request.urlParsed = local.url.parse(request.url);","            if (local.assetsDict[request.urlParsed.pathname] !== undefined) {","                response.end(local.assetsDict[request.urlParsed.pathname]);","                return;","            }","            response.statusCode = 404;","            response.end();","        }).listen(process.env.PORT);","        break;","    }","}());",""],"l":{"26":2,"28":2,"33":2,"35":2,"37":2,"38":2,"39":2,"44":1,"51":2,"55":2,"59":2,"61":2,"69":1,"70":2,"76":2,"79":2,"82":2,"83":2,"85":1,"89":2,"92":1,"93":1,"94":1,"96":1,"97":1,"100":1,"101":1,"103":1,"106":1,"108":2,"114":1,"116":1,"118":1,"123":1,"124":2,"125":2,"126":3,"127":3,"128":3,"129":3,"130":1,"133":3,"134":3,"139":3,"143":1,"144":3,"145":1,"149":1,"150":1,"158":1,"160":1,"161":1,"162":1,"164":1,"166":1,"258":1,"259":1,"271":1,"274":6,"275":6,"277":1,"279":2,"281":1,"283":2,"288":1,"289":1,"291":1,"296":1,"303":1,"306":1,"307":1,"310":1,"311":1,"313":1,"314":1,"315":1,"316":1,"317":1,"318":1,"319":1,"321":1,"322":1,"324":1}},"/home/travis/build/npmtest/node-npmtest-npm-cache/node_modules/npm-cache/index.js":{"path":"/home/travis/build/npmtest/node-npmtest-npm-cache/node_modules/npm-cache/index.js","s":{"1":1,"2":1,"3":1,"4":1,"5":1,"6":1,"7":1,"8":1,"9":1,"10":1,"11":1,"12":1,"13":1,"14":1,"15":1,"16":1,"17":1,"18":0,"19":1,"20":1,"21":1,"22":0,"23":0,"24":0,"25":0,"26":0,"27":1,"28":1,"29":1,"30":1,"31":1,"32":0,"33":0,"34":0,"35":0,"36":1,"37":0,"38":0,"39":0,"40":0,"41":0,"42":0,"43":0,"44":0,"45":0,"46":0,"47":0,"48":0,"49":0,"50":0,"51":0,"52":0,"53":0,"54":1,"55":0,"56":0,"57":0,"58":0,"59":0,"60":0,"61":0,"62":0,"63":0,"64":0,"65":0,"66":1,"67":0,"68":0,"69":0,"70":0,"71":0,"72":0,"73":0,"74":0,"75":0,"76":0,"77":1,"78":0,"79":0,"80":1,"81":0,"82":0,"83":0,"84":0,"85":0,"86":1},"b":{"1":[1,0],"2":[1,0,0],"3":[1,0],"4":[0,0],"5":[0,0],"6":[0,0],"7":[0,0],"8":[0,0],"9":[0,0]},"f":{"1":1,"2":0,"3":0,"4":0,"5":0,"6":0,"7":0,"8":0,"9":0,"10":0,"11":0,"12":0,"13":0},"fnMap":{"1":{"name":"(anonymous_1)","line":15,"loc":{"start":{"line":15,"column":11},"end":{"line":15,"column":23}}},"2":{"name":"(anonymous_2)","line":60,"loc":{"start":{"line":60,"column":14},"end":{"line":60,"column":26}}},"3":{"name":"(anonymous_3)","line":89,"loc":{"start":{"line":89,"column":28},"end":{"line":89,"column":54}}},"4":{"name":"(anonymous_4)","line":101,"loc":{"start":{"line":101,"column":26},"end":{"line":101,"column":42}}},"5":{"name":"startManager","line":110,"loc":{"start":{"line":110,"column":4},"end":{"line":110,"column":50}}},"6":{"name":"onInstalled","line":119,"loc":{"start":{"line":119,"column":4},"end":{"line":119,"column":33}}},"7":{"name":"(anonymous_7)","line":131,"loc":{"start":{"line":131,"column":17},"end":{"line":131,"column":33}}},"8":{"name":"calculateHash","line":143,"loc":{"start":{"line":143,"column":4},"end":{"line":143,"column":41}}},"9":{"name":"(anonymous_9)","line":155,"loc":{"start":{"line":155,"column":27},"end":{"line":155,"column":80}}},"10":{"name":"(anonymous_10)","line":162,"loc":{"start":{"line":162,"column":4},"end":{"line":162,"column":20}}},"11":{"name":"(anonymous_11)","line":177,"loc":{"start":{"line":177,"column":24},"end":{"line":177,"column":43}}},"12":{"name":"(anonymous_12)","line":183,"loc":{"start":{"line":183,"column":17},"end":{"line":183,"column":33}}},"13":{"name":"(anonymous_13)","line":188,"loc":{"start":{"line":188,"column":4},"end":{"line":188,"column":24}}}},"statementMap":{"1":{"start":{"line":4,"column":0},"end":{"line":4,"column":29}},"2":{"start":{"line":5,"column":0},"end":{"line":5,"column":27}},"3":{"start":{"line":6,"column":0},"end":{"line":6,"column":31}},"4":{"start":{"line":7,"column":0},"end":{"line":7,"column":29}},"5":{"start":{"line":8,"column":0},"end":{"line":8,"column":31}},"6":{"start":{"line":10,"column":0},"end":{"line":10,"column":38}},"7":{"start":{"line":11,"column":0},"end":{"line":11,"column":46}},"8":{"start":{"line":12,"column":0},"end":{"line":12,"column":89}},"9":{"start":{"line":15,"column":0},"end":{"line":86,"column":2}},"10":{"start":{"line":17,"column":2},"end":{"line":25,"column":44}},"11":{"start":{"line":27,"column":2},"end":{"line":29,"column":35}},"12":{"start":{"line":31,"column":2},"end":{"line":33,"column":46}},"13":{"start":{"line":35,"column":2},"end":{"line":35,"column":56}},"14":{"start":{"line":36,"column":2},"end":{"line":43,"column":3}},"15":{"start":{"line":37,"column":4},"end":{"line":37,"column":92}},"16":{"start":{"line":38,"column":4},"end":{"line":42,"column":5}},"17":{"start":{"line":39,"column":6},"end":{"line":39,"column":76}},"18":{"start":{"line":41,"column":6},"end":{"line":41,"column":69}},"19":{"start":{"line":45,"column":2},"end":{"line":49,"column":5}},"20":{"start":{"line":50,"column":2},"end":{"line":54,"column":5}},"21":{"start":{"line":56,"column":2},"end":{"line":67,"column":5}},"22":{"start":{"line":61,"column":6},"end":{"line":61,"column":64}},"23":{"start":{"line":62,"column":6},"end":{"line":62,"column":53}},"24":{"start":{"line":63,"column":6},"end":{"line":63,"column":50}},"25":{"start":{"line":64,"column":6},"end":{"line":64,"column":41}},"26":{"start":{"line":65,"column":6},"end":{"line":65,"column":22}},"27":{"start":{"line":70,"column":2},"end":{"line":81,"column":4}},"28":{"start":{"line":82,"column":2},"end":{"line":82,"column":35}},"29":{"start":{"line":84,"column":2},"end":{"line":84,"column":50}},"30":{"start":{"line":85,"column":2},"end":{"line":85,"column":29}},"31":{"start":{"line":89,"column":0},"end":{"line":96,"column":2}},"32":{"start":{"line":90,"column":2},"end":{"line":90,"column":68}},"33":{"start":{"line":91,"column":2},"end":{"line":95,"column":3}},"34":{"start":{"line":93,"column":4},"end":{"line":93,"column":34}},"35":{"start":{"line":94,"column":4},"end":{"line":94,"column":47}},"36":{"start":{"line":101,"column":0},"end":{"line":129,"column":2}},"37":{"start":{"line":102,"column":2},"end":{"line":102,"column":45}},"38":{"start":{"line":104,"column":2},"end":{"line":104,"column":72}},"39":{"start":{"line":105,"column":2},"end":{"line":105,"column":53}},"40":{"start":{"line":106,"column":2},"end":{"line":106,"column":47}},"41":{"start":{"line":108,"column":2},"end":{"line":128,"column":4}},"42":{"start":{"line":111,"column":6},"end":{"line":111,"column":66}},"43":{"start":{"line":112,"column":6},"end":{"line":112,"column":57}},"44":{"start":{"line":113,"column":6},"end":{"line":113,"column":53}},"45":{"start":{"line":114,"column":6},"end":{"line":114,"column":47}},"46":{"start":{"line":115,"column":6},"end":{"line":115,"column":67}},"47":{"start":{"line":116,"column":6},"end":{"line":116,"column":62}},"48":{"start":{"line":117,"column":6},"end":{"line":117,"column":41}},"49":{"start":{"line":120,"column":6},"end":{"line":126,"column":7}},"50":{"start":{"line":121,"column":8},"end":{"line":121,"column":66}},"51":{"start":{"line":122,"column":8},"end":{"line":122,"column":24}},"52":{"start":{"line":124,"column":8},"end":{"line":124,"column":57}},"53":{"start":{"line":125,"column":8},"end":{"line":125,"column":24}},"54":{"start":{"line":131,"column":0},"end":{"line":151,"column":2}},"55":{"start":{"line":132,"column":2},"end":{"line":132,"column":72}},"56":{"start":{"line":133,"column":2},"end":{"line":133,"column":53}},"57":{"start":{"line":134,"column":2},"end":{"line":134,"column":47}},"58":{"start":{"line":136,"column":2},"end":{"line":139,"column":3}},"59":{"start":{"line":137,"column":4},"end":{"line":137,"column":84}},"60":{"start":{"line":138,"column":4},"end":{"line":138,"column":20}},"61":{"start":{"line":141,"column":2},"end":{"line":150,"column":4}},"62":{"start":{"line":144,"column":6},"end":{"line":144,"column":66}},"63":{"start":{"line":145,"column":6},"end":{"line":145,"column":57}},"64":{"start":{"line":147,"column":6},"end":{"line":147,"column":69}},"65":{"start":{"line":148,"column":6},"end":{"line":148,"column":24}},"66":{"start":{"line":155,"column":0},"end":{"line":174,"column":2}},"67":{"start":{"line":156,"column":2},"end":{"line":158,"column":3}},"68":{"start":{"line":157,"column":4},"end":{"line":157,"column":20}},"69":{"start":{"line":160,"column":2},"end":{"line":160,"column":37}},"70":{"start":{"line":161,"column":2},"end":{"line":172,"column":4}},"71":{"start":{"line":163,"column":6},"end":{"line":163,"column":42}},"72":{"start":{"line":164,"column":6},"end":{"line":166,"column":7}},"73":{"start":{"line":165,"column":8},"end":{"line":165,"column":32}},"74":{"start":{"line":168,"column":6},"end":{"line":170,"column":7}},"75":{"start":{"line":169,"column":8},"end":{"line":169,"column":81}},"76":{"start":{"line":173,"column":2},"end":{"line":173,"column":18}},"77":{"start":{"line":177,"column":0},"end":{"line":180,"column":2}},"78":{"start":{"line":178,"column":2},"end":{"line":178,"column":48}},"79":{"start":{"line":179,"column":2},"end":{"line":179,"column":61}},"80":{"start":{"line":183,"column":0},"end":{"line":195,"column":2}},"81":{"start":{"line":184,"column":2},"end":{"line":184,"column":45}},"82":{"start":{"line":186,"column":2},"end":{"line":186,"column":62}},"83":{"start":{"line":187,"column":2},"end":{"line":192,"column":4}},"84":{"start":{"line":189,"column":6},"end":{"line":189,"column":28}},"85":{"start":{"line":194,"column":2},"end":{"line":194,"column":85}},"86":{"start":{"line":198,"column":0},"end":{"line":198,"column":7}}},"branchMap":{"1":{"line":36,"type":"if","locations":[{"start":{"line":36,"column":2},"end":{"line":36,"column":2}},{"start":{"line":36,"column":2},"end":{"line":36,"column":2}}]},"2":{"line":37,"type":"binary-expr","locations":[{"start":{"line":37,"column":24},"end":{"line":37,"column":40}},{"start":{"line":37,"column":44},"end":{"line":37,"column":64}},{"start":{"line":37,"column":68},"end":{"line":37,"column":91}}]},"3":{"line":38,"type":"if","locations":[{"start":{"line":38,"column":4},"end":{"line":38,"column":4}},{"start":{"line":38,"column":4},"end":{"line":38,"column":4}}]},"4":{"line":91,"type":"if","locations":[{"start":{"line":91,"column":2},"end":{"line":91,"column":2}},{"start":{"line":91,"column":2},"end":{"line":91,"column":2}}]},"5":{"line":120,"type":"if","locations":[{"start":{"line":120,"column":6},"end":{"line":120,"column":6}},{"start":{"line":120,"column":6},"end":{"line":120,"column":6}}]},"6":{"line":136,"type":"if","locations":[{"start":{"line":136,"column":2},"end":{"line":136,"column":2}},{"start":{"line":136,"column":2},"end":{"line":136,"column":2}}]},"7":{"line":156,"type":"if","locations":[{"start":{"line":156,"column":2},"end":{"line":156,"column":2}},{"start":{"line":156,"column":2},"end":{"line":156,"column":2}}]},"8":{"line":164,"type":"if","locations":[{"start":{"line":164,"column":6},"end":{"line":164,"column":6}},{"start":{"line":164,"column":6},"end":{"line":164,"column":6}}]},"9":{"line":168,"type":"if","locations":[{"start":{"line":168,"column":6},"end":{"line":168,"column":6}},{"start":{"line":168,"column":6},"end":{"line":168,"column":6}}]}},"code":["//#! /usr/bin/env node","'use strict';","","var fs = require('fs-extra');","var path = require('path');","var parser = require('nomnom');","var async = require('async');","var rimraf = require('rimraf');","","var logger = require('./util/logger');","var ParseUtils = require('./util/parseUtils');","var CacheDependencyManager = require('./cacheDependencyManagers/cacheDependencyManager');","","// Main entry point for npm-cache","var main = function () {","  // Parse CLI Args","  parser.command('install')","    .callback(installDependencies)","    .option('forceRefresh', {","      abbr: 'r',","      flag: true,","      default: false,","      help: 'force installing dependencies from package manager without cache'","    })","    .help('install specified dependencies');","","  parser.command('clean')","    .callback(cleanCache)","    .help('clear cache directory');","","  parser.command('hash')","    .callback(reportHash)","    .help('reports the current working hash');","","  var defaultCacheDirectory = process.env.NPM_CACHE_DIR;","  if (defaultCacheDirectory === undefined) {","    var homeDirectory = process.env.HOME || process.env.HOMEPATH || process.env.USERPROFILE;","    if (homeDirectory !== undefined) {","      defaultCacheDirectory = path.resolve(homeDirectory, '.package_cache');","    } else {","      defaultCacheDirectory = path.resolve('/tmp', '.package_cache');","    }","  }","","  parser.option('cacheDirectory', {","    default: defaultCacheDirectory,","    abbr: 'c',","    help: 'directory where dependencies will be cached'","  });","  parser.option('noArchive', {","    abbr: 'd',","    help: 'when installing a new dependency set, those dependencies will be stored uncompressed. This requires more disk space but notably increases performance',","    flag: true","  });","","  parser.option('version', {","    abbr: 'v',","    help: 'displays version info and exit',","    flag: true,","    callback: function () {","      var packagePath = path.resolve(__dirname, 'package.json');","      var packageFile = fs.readFileSync(packagePath);","      var packageParsed = JSON.parse(packageFile);","      console.log(packageParsed.version);","      process.exit(0);","    }","  });","","","  var examples = [","    'Examples:',","    '\\tnpm-cache install\\t# try to install npm, bower, and composer components',","    '\\tnpm-cache install bower\\t# install only bower components',","    '\\tnpm-cache install bower npm\\t# install bower and npm components',","    '\\tnpm-cache install bower --allow-root composer --dry-run\\t# install bower with allow-root, and composer with --dry-run',","    '\\tnpm-cache install --cacheDirectory /home/cache/ bower \\t# install components using /home/cache as cache directory',","    '\\tnpm-cache install --forceRefresh  bower\\t# force installing dependencies from package manager without cache',","    '\\tnpm-cache install --noArchive npm\\t# do not compress/archive the cached dependencies',","    '\\tnpm-cache clean\\t# cleans out all cached files in cache directory',","    '\\tnpm-cache hash\\t# reports the current working hash'","  ];","  parser.help(examples.join('\\n'));","","  var npmCacheArgs = ParseUtils.getNpmCacheArgs();","  parser.parse(npmCacheArgs);","};","","// Creates cache directory if it does not exist yet","var prepareCacheDirectory = function (cacheDirectory) {","  logger.logInfo('using ' + cacheDirectory + ' as cache directory');","  if (! fs.existsSync(cacheDirectory)) {","    // create directory if it doesn't exist","    fs.mkdirsSync(cacheDirectory);","    logger.logInfo('creating cache directory');","  }","};","","// npm-cache command handlers","","// main method for installing specified dependencies","var installDependencies = function (opts) {","  prepareCacheDirectory(opts.cacheDirectory);","","  var availableManagers = CacheDependencyManager.getAvailableManagers();","  var managerArguments = ParseUtils.getManagerArgs();","  var managers = Object.keys(managerArguments);","","  async.each(","    managers,","    function startManager (managerName, callback) {","      var managerConfig = require(availableManagers[managerName]);","      managerConfig.cacheDirectory = opts.cacheDirectory;","      managerConfig.forceRefresh = opts.forceRefresh;","      managerConfig.noArchive = opts.noArchive;","      managerConfig.installOptions = managerArguments[managerName];","      var manager = new CacheDependencyManager(managerConfig);","      manager.loadDependencies(callback);","    },","    function onInstalled (error) {","      if (error === null) {","        logger.logInfo('successfully installed all dependencies');","        process.exit(0);","      } else {","        logger.logError('error installing dependencies');","        process.exit(1);","      }","    }","  );","};","","var reportHash = function (opts) {","  var availableManagers = CacheDependencyManager.getAvailableManagers();","  var managerArguments = ParseUtils.getManagerArgs();","  var managers = Object.keys(managerArguments);","","  if (managers.length > 1) {","    logger.logError('can only calculate hash for one dependency manager at a time');","    process.exit(1);","  }","","  async.each(","    managers,","    function calculateHash (managerName) {","      var managerConfig = require(availableManagers[managerName]);","      managerConfig.cacheDirectory = opts.cacheDirectory;","","      var hash = managerConfig.getFileHash(managerConfig.configPath);","      console.log(hash);","    }","  );","};","","","// Recursively lists files in directory up to maxDepth","var cachedFileListHelper = function (dir, fileList, regex, currDepth, maxDepth) {","  if (currDepth === maxDepth) {","    return fileList;","  }","","  var dirFiles = fs.readdirSync(dir);","  dirFiles.forEach(","    function (file) {","      var filePath = path.join(dir, file);","      if (regex.test(filePath)) {","        fileList.push(filePath);","      }","","      if (fs.statSync(filePath).isDirectory()) {","        cachedFileListHelper(filePath, fileList, regex, currDepth + 1, maxDepth);","      }","    }","  );","  return fileList;","};","","// Returns list of candidate cached files","var getCachedFileList = function (baseDir) {","  var cacheRegex = /[0-9a-f]{32}[\\.tar\\.gz]*$/i;","  return cachedFileListHelper(baseDir, [], cacheRegex, 0, 3);","};","","// Removes all cached dependencies from cache directory","var cleanCache = function (opts) {","  prepareCacheDirectory(opts.cacheDirectory);","","  var cachedFileList = getCachedFileList(opts.cacheDirectory);","  cachedFileList.forEach(","    function (filePath) {","      rimraf.sync(filePath);","      // fs.unlinkSync(filePath);","    }","  );","","  logger.logInfo('cleaned ' + cachedFileList.length + ' files from cache directory');","};","","","main();"],"l":{"4":1,"5":1,"6":1,"7":1,"8":1,"10":1,"11":1,"12":1,"15":1,"17":1,"27":1,"31":1,"35":1,"36":1,"37":1,"38":1,"39":1,"41":0,"45":1,"50":1,"56":1,"61":0,"62":0,"63":0,"64":0,"65":0,"70":1,"82":1,"84":1,"85":1,"89":1,"90":0,"91":0,"93":0,"94":0,"101":1,"102":0,"104":0,"105":0,"106":0,"108":0,"111":0,"112":0,"113":0,"114":0,"115":0,"116":0,"117":0,"120":0,"121":0,"122":0,"124":0,"125":0,"131":1,"132":0,"133":0,"134":0,"136":0,"137":0,"138":0,"141":0,"144":0,"145":0,"147":0,"148":0,"155":1,"156":0,"157":0,"160":0,"161":0,"163":0,"164":0,"165":0,"168":0,"169":0,"173":0,"177":1,"178":0,"179":0,"183":1,"184":0,"186":0,"187":0,"189":0,"194":0,"198":1}},"/home/travis/build/npmtest/node-npmtest-npm-cache/node_modules/npm-cache/util/logger.js":{"path":"/home/travis/build/npmtest/node-npmtest-npm-cache/node_modules/npm-cache/util/logger.js","s":{"1":1,"2":0,"3":1,"4":0},"b":{},"f":{"1":0,"2":0},"fnMap":{"1":{"name":"(anonymous_1)","line":3,"loc":{"start":{"line":3,"column":19},"end":{"line":3,"column":43}}},"2":{"name":"(anonymous_2)","line":7,"loc":{"start":{"line":7,"column":18},"end":{"line":7,"column":37}}}},"statementMap":{"1":{"start":{"line":3,"column":0},"end":{"line":5,"column":2}},"2":{"start":{"line":4,"column":2},"end":{"line":4,"column":53}},"3":{"start":{"line":7,"column":0},"end":{"line":9,"column":2}},"4":{"start":{"line":8,"column":2},"end":{"line":8,"column":47}}},"branchMap":{},"code":["'use strict';","","exports.logError = function (errorMessage) {","  console.log('[npm-cache] [ERROR] ' + errorMessage);","};","","exports.logInfo = function (message) {","  console.log('[npm-cache] [INFO] ' + message);","};","",""],"l":{"3":1,"4":0,"7":1,"8":0}},"/home/travis/build/npmtest/node-npmtest-npm-cache/node_modules/npm-cache/util/parseUtils.js":{"path":"/home/travis/build/npmtest/node-npmtest-npm-cache/node_modules/npm-cache/util/parseUtils.js","s":{"1":1,"2":1,"3":1,"4":1,"5":1,"6":1,"7":1,"8":0,"9":0,"10":0,"11":0,"12":1,"13":1,"14":0,"15":0,"16":0,"17":0,"18":0,"19":0,"20":0,"21":0,"22":0,"23":0,"24":0,"25":0,"26":0,"27":0},"b":{"1":[0,0],"2":[0,0],"3":[0,0],"4":[0,0]},"f":{"1":1,"2":0,"3":0,"4":0},"fnMap":{"1":{"name":"(anonymous_1)","line":16,"loc":{"start":{"line":16,"column":26},"end":{"line":16,"column":38}}},"2":{"name":"(anonymous_2)","line":44,"loc":{"start":{"line":44,"column":25},"end":{"line":44,"column":37}}},"3":{"name":"addManagerArgument","line":53,"loc":{"start":{"line":53,"column":4},"end":{"line":53,"column":43}}},"4":{"name":"addManager","line":68,"loc":{"start":{"line":68,"column":6},"end":{"line":68,"column":49}}}},"statementMap":{"1":{"start":{"line":3,"column":0},"end":{"line":3,"column":26}},"2":{"start":{"line":4,"column":0},"end":{"line":4,"column":90}},"3":{"start":{"line":16,"column":0},"end":{"line":31,"column":2}},"4":{"start":{"line":17,"column":2},"end":{"line":17,"column":24}},"5":{"start":{"line":19,"column":2},"end":{"line":19,"column":72}},"6":{"start":{"line":21,"column":2},"end":{"line":21,"column":43}},"7":{"start":{"line":22,"column":2},"end":{"line":29,"column":3}},"8":{"start":{"line":23,"column":4},"end":{"line":23,"column":39}},"9":{"start":{"line":24,"column":4},"end":{"line":28,"column":5}},"10":{"start":{"line":25,"column":6},"end":{"line":25,"column":12}},"11":{"start":{"line":27,"column":6},"end":{"line":27,"column":38}},"12":{"start":{"line":30,"column":2},"end":{"line":30,"column":22}},"13":{"start":{"line":44,"column":0},"end":{"line":75,"column":2}},"14":{"start":{"line":45,"column":2},"end":{"line":45,"column":20}},"15":{"start":{"line":46,"column":2},"end":{"line":46,"column":43}},"16":{"start":{"line":47,"column":2},"end":{"line":47,"column":72}},"17":{"start":{"line":48,"column":2},"end":{"line":48,"column":25}},"18":{"start":{"line":51,"column":2},"end":{"line":61,"column":4}},"19":{"start":{"line":54,"column":6},"end":{"line":59,"column":7}},"20":{"start":{"line":55,"column":8},"end":{"line":55,"column":32}},"21":{"start":{"line":56,"column":8},"end":{"line":56,"column":31}},"22":{"start":{"line":57,"column":13},"end":{"line":59,"column":7}},"23":{"start":{"line":58,"column":8},"end":{"line":58,"column":48}},"24":{"start":{"line":64,"column":2},"end":{"line":72,"column":3}},"25":{"start":{"line":66,"column":4},"end":{"line":71,"column":6}},"26":{"start":{"line":69,"column":8},"end":{"line":69,"column":31}},"27":{"start":{"line":74,"column":2},"end":{"line":74,"column":18}}},"branchMap":{"1":{"line":24,"type":"if","locations":[{"start":{"line":24,"column":4},"end":{"line":24,"column":4}},{"start":{"line":24,"column":4},"end":{"line":24,"column":4}}]},"2":{"line":54,"type":"if","locations":[{"start":{"line":54,"column":6},"end":{"line":54,"column":6}},{"start":{"line":54,"column":6},"end":{"line":54,"column":6}}]},"3":{"line":57,"type":"if","locations":[{"start":{"line":57,"column":13},"end":{"line":57,"column":13}},{"start":{"line":57,"column":13},"end":{"line":57,"column":13}}]},"4":{"line":64,"type":"if","locations":[{"start":{"line":64,"column":2},"end":{"line":64,"column":2}},{"start":{"line":64,"column":2},"end":{"line":64,"column":2}}]}},"code":["'use strict';","","var _ = require('lodash');","var CacheDependencyManager = require('../cacheDependencyManagers/cacheDependencyManager');","","/**"," * Returns an array of strings containing command line arguments"," * for npm-cache. Excludes any arguments to be passed to package"," * managers"," *"," * Ex: npm-cache --forceRefresh --cacheDirectory /tmp bower --allow-root"," *  Returns [--forceRefresh, --cacheDirectory, /tmp]"," *"," * @return {string[]} args"," */","exports.getNpmCacheArgs = function () {","  var npmCacheArgs = [];","","  var availableManagers = CacheDependencyManager.getAvailableManagers();","","  var allArguments = process.argv.slice(2);","  for (var i = 0; i < allArguments.length; i++) {","    var currArgument = allArguments[i];","    if (currArgument in availableManagers) {","      break;","    } else {","      npmCacheArgs.push(currArgument);","    }","  }","  return npmCacheArgs;","};","","","/**"," *"," * Parses command line args and returns an object specifying which managers"," * were requested along with their command line arguments"," *"," * Ex: npm-cache install bower --allow-root --save npm --save"," *  Returns {bower: '--allow-root --save', npm: --save}"," *"," * @return {Object} managerArgs"," */","exports.getManagerArgs = function () {","  var managers = {};","  var allArguments = process.argv.slice(3); // strip off 'node', 'index.js', and 'install' from arguments list","  var availableManagers = CacheDependencyManager.getAvailableManagers();","  var currManager = null;","","  // First determine which managers were requested by looking at command line arguments","  _.forEach(","    allArguments,","    function addManagerArgument (argument) {","      if (argument in availableManagers) {","        managers[argument] = '';","        currManager = argument;","      } else if (currManager !== null) {","        managers[currManager] += argument + ' ';","      }","    }","  );","","  // If no managers were specified, try installing everything by default!","  if (_.isEmpty(managers)) {","    // add all keys from available managers as keys here","    _.forEach(","      CacheDependencyManager.getAvailableDefaultManagers(),","      function addManager (managerPath, manager) {","        managers[manager] = '';","      }","    );","  }","","  return managers;","};",""],"l":{"3":1,"4":1,"16":1,"17":1,"19":1,"21":1,"22":1,"23":0,"24":0,"25":0,"27":0,"30":1,"44":1,"45":0,"46":0,"47":0,"48":0,"51":0,"54":0,"55":0,"56":0,"57":0,"58":0,"64":0,"66":0,"69":0,"74":0}},"/home/travis/build/npmtest/node-npmtest-npm-cache/node_modules/npm-cache/cacheDependencyManagers/cacheDependencyManager.js":{"path":"/home/travis/build/npmtest/node-npmtest-npm-cache/node_modules/npm-cache/cacheDependencyManagers/cacheDependencyManager.js","s":{"1":1,"2":1,"3":1,"4":1,"5":1,"6":1,"7":1,"8":1,"9":1,"10":1,"11":1,"12":1,"13":1,"14":0,"15":1,"16":0,"17":1,"18":0,"19":1,"20":0,"21":1,"22":0,"23":1,"24":0,"25":1,"26":0,"27":0,"28":0,"29":0,"30":0,"31":0,"32":0,"33":0,"34":0,"35":1,"36":0,"37":0,"38":0,"39":0,"40":0,"41":0,"42":0,"43":0,"44":0,"45":1,"46":0,"47":0,"48":0,"49":0,"50":0,"51":0,"52":0,"53":0,"54":1,"55":0,"56":0,"57":0,"58":0,"59":0,"60":0,"61":0,"62":0,"63":0,"64":0,"65":0,"66":0,"67":0,"68":1,"69":0,"70":0,"71":0,"72":1,"73":0,"74":0,"75":0,"76":0,"77":0,"78":0,"79":1,"80":0,"81":0,"82":0,"83":0,"84":0,"85":0,"86":0,"87":0,"88":1,"89":0,"90":0,"91":0,"92":0,"93":0,"94":0,"95":0,"96":0,"97":1,"98":0,"99":0,"100":1,"101":0,"102":0,"103":0,"104":0,"105":0,"106":0,"107":0,"108":0,"109":1,"110":0,"111":0,"112":0,"113":0,"114":0,"115":0,"116":0,"117":0,"118":0,"119":0,"120":0,"121":0,"122":0,"123":0,"124":0,"125":0,"126":0,"127":0,"128":0,"129":0,"130":0,"131":0,"132":0,"133":0,"134":0,"135":0,"136":0,"137":0,"138":0,"139":0,"140":0,"141":1,"142":0,"143":1,"144":1,"145":1,"146":1,"147":1,"148":1,"149":5,"150":5,"151":4,"152":4,"153":1,"154":1},"b":{"1":[0,0],"2":[0,0],"3":[0,0],"4":[0,0],"5":[0,0],"6":[0,0],"7":[0,0],"8":[0,0],"9":[0,0],"10":[0,0],"11":[0,0],"12":[0,0],"13":[0,0],"14":[0,0,0],"15":[0,0],"16":[0,0],"17":[0,0],"18":[0,0],"19":[1,0],"20":[4,1]},"f":{"1":0,"2":0,"3":0,"4":0,"5":0,"6":0,"7":0,"8":0,"9":0,"10":0,"11":0,"12":0,"13":0,"14":0,"15":0,"16":0,"17":0,"18":0,"19":1,"20":5},"fnMap":{"1":{"name":"CacheDependencyManager","line":17,"loc":{"start":{"line":17,"column":0},"end":{"line":17,"column":41}}},"2":{"name":"(anonymous_2)","line":23,"loc":{"start":{"line":23,"column":22},"end":{"line":23,"column":46}}},"3":{"name":"(anonymous_3)","line":27,"loc":{"start":{"line":27,"column":24},"end":{"line":27,"column":54}}},"4":{"name":"(anonymous_4)","line":31,"loc":{"start":{"line":31,"column":28},"end":{"line":31,"column":44}}},"5":{"name":"(anonymous_5)","line":35,"loc":{"start":{"line":35,"column":48},"end":{"line":35,"column":67}}},"6":{"name":"(anonymous_6)","line":39,"loc":{"start":{"line":39,"column":49},"end":{"line":39,"column":66}}},"7":{"name":"(anonymous_7)","line":44,"loc":{"start":{"line":44,"column":55},"end":{"line":44,"column":67}}},"8":{"name":"(anonymous_8)","line":58,"loc":{"start":{"line":58,"column":46},"end":{"line":58,"column":74}}},"9":{"name":"(anonymous_9)","line":72,"loc":{"start":{"line":72,"column":47},"end":{"line":72,"column":75}}},"10":{"name":"(anonymous_10)","line":85,"loc":{"start":{"line":85,"column":55},"end":{"line":85,"column":102}}},"11":{"name":"onError","line":109,"loc":{"start":{"line":109,"column":2},"end":{"line":109,"column":26}}},"12":{"name":"onEnd","line":115,"loc":{"start":{"line":115,"column":2},"end":{"line":115,"column":19}}},"13":{"name":"onFinally","line":125,"loc":{"start":{"line":125,"column":2},"end":{"line":125,"column":23}}},"14":{"name":"(anonymous_14)","line":151,"loc":{"start":{"line":151,"column":61},"end":{"line":151,"column":115}}},"15":{"name":"onError","line":161,"loc":{"start":{"line":161,"column":2},"end":{"line":161,"column":26}}},"16":{"name":"onEnd","line":165,"loc":{"start":{"line":165,"column":2},"end":{"line":165,"column":19}}},"17":{"name":"(anonymous_17)","line":189,"loc":{"start":{"line":189,"column":52},"end":{"line":189,"column":72}}},"18":{"name":"(anonymous_18)","line":258,"loc":{"start":{"line":258,"column":53},"end":{"line":258,"column":64}}},"19":{"name":"(anonymous_19)","line":274,"loc":{"start":{"line":274,"column":46},"end":{"line":274,"column":58}}},"20":{"name":"addAvailableManager","line":280,"loc":{"start":{"line":280,"column":6},"end":{"line":280,"column":42}}}},"statementMap":{"1":{"start":{"line":3,"column":0},"end":{"line":3,"column":29}},"2":{"start":{"line":4,"column":0},"end":{"line":4,"column":27}},"3":{"start":{"line":5,"column":0},"end":{"line":5,"column":39}},"4":{"start":{"line":6,"column":0},"end":{"line":6,"column":31}},"5":{"start":{"line":7,"column":0},"end":{"line":7,"column":29}},"6":{"start":{"line":8,"column":0},"end":{"line":8,"column":28}},"7":{"start":{"line":9,"column":0},"end":{"line":9,"column":33}},"8":{"start":{"line":10,"column":0},"end":{"line":10,"column":25}},"9":{"start":{"line":11,"column":0},"end":{"line":11,"column":25}},"10":{"start":{"line":12,"column":0},"end":{"line":12,"column":26}},"11":{"start":{"line":13,"column":0},"end":{"line":13,"column":27}},"12":{"start":{"line":15,"column":0},"end":{"line":15,"column":23}},"13":{"start":{"line":17,"column":0},"end":{"line":19,"column":1}},"14":{"start":{"line":18,"column":2},"end":{"line":18,"column":23}},"15":{"start":{"line":23,"column":0},"end":{"line":25,"column":2}},"16":{"start":{"line":24,"column":2},"end":{"line":24,"column":51}},"17":{"start":{"line":27,"column":0},"end":{"line":29,"column":2}},"18":{"start":{"line":28,"column":2},"end":{"line":28,"column":53}},"19":{"start":{"line":31,"column":0},"end":{"line":33,"column":2}},"20":{"start":{"line":32,"column":2},"end":{"line":32,"column":47}},"21":{"start":{"line":35,"column":0},"end":{"line":37,"column":2}},"22":{"start":{"line":36,"column":2},"end":{"line":36,"column":61}},"23":{"start":{"line":39,"column":0},"end":{"line":41,"column":2}},"24":{"start":{"line":40,"column":2},"end":{"line":40,"column
[...]
mn":4},"end":{"line":23,"column":5}},"12":{"start":{"line":19,"column":6},"end":{"line":19,"column":80}},"13":{"start":{"line":20,"column":6},"end":{"line":20,"column":33}},"14":{"start":{"line":22,"column":6},"end":{"line":22,"column":34}},"15":{"start":{"line":26,"column":2},"end":{"line":26,"column":67}},"16":{"start":{"line":31,"column":0},"end":{"line":46,"column":2}},"17":{"start":{"line":32,"column":2},"end":{"line":32,"column":42}},"18":{"start":{"line":34,"column":2},"end":{"line":34,"column":20}},"19":{"start":{"line":35,"column":2},"end":{"line":37,"column":16}},"20":{"start":{"line":36,"column":4},"end":{"line":36,"column":50}},"21":{"start":{"line":39,"column":2},"end":{"line":44,"column":3}},"22":{"start":{"line":40,"column":4},"end":{"line":40,"column":78}},"23":{"start":{"line":41,"column":4},"end":{"line":43,"column":5}},"24":{"start":{"line":42,"column":6},"end":{"line":42,"column":69}},"25":{"start":{"line":45,"column":2},"end":{"line":45,"column":34}},"26":{"start":{"line":49,"column":0},"end":{"line":62,"column":2}},"27":{"start":{"line":50,"column":2},"end":{"line":50,"column":34}},"28":{"start":{"line":51,"column":2},"end":{"line":51,"column":78}},"29":{"start":{"line":54,"column":2},"end":{"line":54,"column":46}},"30":{"start":{"line":55,"column":2},"end":{"line":55,"column":48}},"31":{"start":{"line":56,"column":2},"end":{"line":60,"column":3}},"32":{"start":{"line":57,"column":4},"end":{"line":57,"column":24}},"33":{"start":{"line":59,"column":4},"end":{"line":59,"column":92}},"34":{"start":{"line":61,"column":2},"end":{"line":61,"column":17}},"35":{"start":{"line":64,"column":0},"end":{"line":76,"column":1}},"36":{"start":{"line":65,"column":2},"end":{"line":65,"column":51}},"37":{"start":{"line":67,"column":2},"end":{"line":69,"column":3}},"38":{"start":{"line":68,"column":4},"end":{"line":68,"column":32}},"39":{"start":{"line":71,"column":2},"end":{"line":75,"column":6}},"40":{"start":{"line":78,"column":0},"end":{"line":85,"column":2}}},"branchMap":{"1":{"line":17,"type":"if","locations":[{"start":{"line":17,"column":2},"end":{"line":17,"column":2}},{"start":{"line":17,"column":2},"end":{"line":17,"column":2}}]},"2":{"line":18,"type":"if","locations":[{"start":{"line":18,"column":4},"end":{"line":18,"column":4}},{"start":{"line":18,"column":4},"end":{"line":18,"column":4}}]},"3":{"line":26,"type":"cond-expr","locations":[{"start":{"line":26,"column":31},"end":{"line":26,"column":47}},{"start":{"line":26,"column":50},"end":{"line":26,"column":66}}]},"4":{"line":39,"type":"if","locations":[{"start":{"line":39,"column":2},"end":{"line":39,"column":2}},{"start":{"line":39,"column":2},"end":{"line":39,"column":2}}]},"5":{"line":41,"type":"if","locations":[{"start":{"line":41,"column":4},"end":{"line":41,"column":4}},{"start":{"line":41,"column":4},"end":{"line":41,"column":4}}]},"6":{"line":41,"type":"binary-expr","locations":[{"start":{"line":41,"column":8},"end":{"line":41,"column":34}},{"start":{"line":41,"column":38},"end":{"line":41,"column":75}}]},"7":{"line":56,"type":"if","locations":[{"start":{"line":56,"column":2},"end":{"line":56,"column":2}},{"start":{"line":56,"column":2},"end":{"line":56,"column":2}}]},"8":{"line":67,"type":"if","locations":[{"start":{"line":67,"column":2},"end":{"line":67,"column":2}},{"start":{"line":67,"column":2},"end":{"line":67,"column":2}}]}},"code":["'use strict';","","var fs = require('fs');","var path = require('path');","var shell = require('shelljs');","var logger = require('../util/logger');","var md5 = require('md5');","var isUsingComposerLock = null;","","// Returns path to configuration file for composer. Uses","// composer.lock if it exists; otherwise,","// defaults to composer.json","var getComposerConfigPath = function () {","  var composerLockPath = path.resolve(process.cwd(), 'composer.lock');","  var composerJsonPath = path.resolve(process.cwd(), 'composer.json');","","  if (isUsingComposerLock === null) {","    if (fs.existsSync(composerLockPath)) {","      logger.logInfo('[composer] using composer.lock instead of composer.json');","      isUsingComposerLock = true;","    }  else {","      isUsingComposerLock = false;","    }","  }","","  return isUsingComposerLock ? composerLockPath : composerJsonPath;","};","","// Composer.json can specify a custom vendor directory","// Let's get it if we can!","var getComposerInstallDirectory = function () {","  var composerInstallDirectory = 'vendor';","","  var exists = null;","  try {","    exists = fs.statSync(getComposerConfigPath());","  } catch (e) {}","","  if (exists !== null) {","    var composerConfig = JSON.parse(fs.readFileSync(getComposerConfigPath()));","    if ('config' in composerConfig && 'vendor-dir' in composerConfig.config) {","      composerInstallDirectory = composerConfig.config['vendor-dir'];","    }","  }","  return composerInstallDirectory;","};","","// Function to extract composer version number","var getCliVersion = function () {","  var version = 'UnknownComposer';","  var versionString = shell.exec('composer --version', {silent: true}).output;","  // Example below:","  //    Composer version 1.0.0-alpha9 2014-12-07 17:15:20","  var versionRegex = /Composer version (\\S+)/;","  var result = versionRegex.exec(versionString);","  if (result !== null) {","    version = result[1];","  } else {","    logger.logInfo('Could not find composer version from version string: ' + versionString);","  }","  return version;","};","","function getFileHash(filePath) {","  var json = JSON.parse(fs.readFileSync(filePath));","","  if (isUsingComposerLock) {","    return json['content-hash'];","  }","","  return md5(JSON.stringify({","    packages: json.require,","    packagesDev: json['require-dev'],","    repos: json.repositories","  }));","};","","module.exports = {","  cliName: 'composer',","  getCliVersion: getCliVersion,","  configPath: getComposerConfigPath(),","  installDirectory: getComposerInstallDirectory(),","  installCommand: 'composer install',","  getFileHash: getFileHash","};",""],"l":{"3":1,"4":1,"5":1,"6":1,"7":1,"8":1,"13":1,"14":2,"15":2,"17":2,"18":1,"19":0,"20":0,"22":1,"26":2,"31":1,"32":1,"34":1,"35":1,"36":1,"39":1,"40":0,"41":0,"42":0,"45":1,"49":1,"50":0,"51":0,"54":0,"55":0,"56":0,"57":0,"59":0,"61":0,"64":1,"65":0,"67":0,"68":0,"71":0,"78":1}},"/home/travis/build/npmtest/node-npmtest-npm-cache/node_modules/npm-cache/cacheDependencyManagers/jspmConfig.js":{"path":"/home/travis/build/npmtest/node-npmtest-npm-cache/node_modules/npm-cache/cacheDependencyManagers/jspmConfig.js","s":{"1":1,"2":1,"3":1,"4":1,"5":1,"6":1,"7":1,"8":1,"9":2,"10":2,"11":1,"12":2,"13":1,"14":1,"15":1,"16":1,"17":0,"18":0,"19":0,"20":1,"21":0,"22":0,"23":0,"24":1,"25":1,"26":1,"27":1,"28":1,"29":0,"30":0,"31":0,"32":0,"33":0,"34":0,"35":0,"36":0,"37":0,"38":0,"39":1,"40":0,"41":0,"42":0,"43":1,"44":0,"45":1},"b":{"1":[0,1],"2":[1,0,0],"3":[0,1],"4":[1,0,0],"5":[1,0],"6":[0,0],"7":[0,0],"8":[0,0],"9":[0,0],"10":[0,0]},"f":{"1":2,"2":2,"3":1,"4":1,"5":0,"6":0},"fnMap":{"1":{"name":"getProjectFileContents","line":17,"loc":{"start":{"line":17,"column":0},"end":{"line":17,"column":42}}},"2":{"name":"getPackageJson","line":33,"loc":{"start":{"line":33,"column":0},"end":{"line":33,"column":26}}},"3":{"name":"getInstallDirectory","line":40,"loc":{"start":{"line":40,"column":0},"end":{"line":40,"column":31}}},"4":{"name":"getConfigFile","line":62,"loc":{"start":{"line":62,"column":0},"end":{"line":62,"column":25}}},"5":{"name":"getJspmVersion","line":94,"loc":{"start":{"line":94,"column":0},"end":{"line":94,"column":26}}},"6":{"name":"getConfigurationHash","line":103,"loc":{"start":{"line":103,"column":0},"end":{"line":103,"column":32}}}},"statementMap":{"1":{"start":{"line":3,"column":0},"end":{"line":3,"column":27}},"2":{"start":{"line":4,"column":0},"end":{"line":4,"column":31}},"3":{"start":{"line":5,"column":0},"end":{"line":5,"column":23}},"4":{"start":{"line":6,"column":0},"end":{"line":6,"column":25}},"5":{"start":{"line":7,"column":0},"end":{"line":7,"column":39}},"6":{"start":{"line":10,"column":0},"end":{"line":10,"column":33}},"7":{"start":{"line":11,"column":0},"end":{"line":11,"column":45}},"8":{"start":{"line":17,"column":0},"end":{"line":20,"column":1}},"9":{"start":{"line":18,"column":4},"end":{"line":18,"column":53}},"10":{"start":{"line":19,"column":4},"end":{"line":19,"column":33}},"11":{"start":{"line":33,"column":0},"end":{"line":35,"column":1}},"12":{"start":{"line":34,"column":4},"end":{"line":34,"column":62}},"13":{"start":{"line":40,"column":0},"end":{"line":57,"column":1}},"14":{"start":{"line":41,"column":4},"end":{"line":41,"column":37}},"15":{"start":{"line":42,"column":4},"end":{"line":42,"column":38}},"16":{"start":{"line":44,"column":4},"end":{"line":48,"column":5}},"17":{"start":{"line":45,"column":8},"end":{"line":45,"column":51}},"18":{"start":{"line":46,"column":8},"end":{"line":46,"column":120}},"19":{"start":{"line":47,"column":8},"end":{"line":47,"column":26}},"20":{"start":{"line":50,"column":4},"end":{"line":54,"column":5}},"21":{"start":{"line":51,"column":8},"end":{"line":51,"column":75}},"22":{"start":{"line":52,"column":8},"end":{"line":52,"column":120}},"23":{"start":{"line":53,"column":8},"end":{"line":53,"column":27}},"24":{"start":{"line":56,"column":4},"end":{"line":56,"column":23}},"25":{"start":{"line":62,"column":0},"end":{"line":89,"column":1}},"26":{"start":{"line":63,"column":4},"end":{"line":63,"column":37}},"27":{"start":{"line":65,"column":4},"end":{"line":68,"column":5}},"28":{"start":{"line":67,"column":8},"end":{"line":67,"column":46}},"29":{"start":{"line":70,"column":4},"end":{"line":74,"column":5}},"30":{"start":{"line":71,"column":8},"end":{"line":71,"column":41}},"31":{"start":{"line":72,"column":8},"end":{"line":72,"column":103}},"32":{"start":{"line":73,"column":8},"end":{"line":73,"column":26}},"33":{"start":{"line":76,"column":4},"end":{"line":76,"column":21}},"34":{"start":{"line":77,"column":4},"end":{"line":80,"column":5}},"35":{"start":{"line":78,"column":8},"end":{"line":78,"column":43}},"36":{"start":{"line":79,"column":8},"end":{"line":79,"column":109}},"37":{"start":{"line":82,"column":4},"end":{"line":85,"column":6}},"38":{"start":{"line":88,"column":4},"end":{"line":88,"column":84}},"39":{"start":{"line":94,"column":0},"end":{"line":98,"column":1}},"40":{"start":{"line":95,"column":4},"end":{"line":95,"column":81}},"41":{"start":{"line":96,"column":4},"end":{"line":96,"column":72}},"42":{"start":{"line":97,"column":4},"end":{"line":97,"column":26}},"43":{"start":{"line":103,"column":0},"end":{"line":108,"column":1}},"44":{"start":{"line":104,"column":4},"end":{"line":107,"column":8}},"45":{"start":{"line":110,"column":0},"end":{"line":118,"column":2}}},"branchMap":{"1":{"line":44,"type":"if","locations":[{"start":{"line":44,"column":4},"end":{"line":44,"column":4}},{"start":{"line":44,"column":4},"end":{"line":44,"column":4}}]},"2":{"line":44,"type":"binary-expr","locations":[{"start":{"line":44,"column":8},"end":{"line":44,"column":12}},{"start":{"line":44,"column":16},"end":{"line":44,"column":32}},{"start":{"line":44,"column":36},"end":{"line":44,"column":61}}]},"3":{"line":50,"type":"if","locations":[{"start":{"line":50,"column":4},"end":{"line":50,"column":4}},{"start":{"line":50,"column":4},"end":{"line":50,"column":4}}]},"4":{"line":50,"type":"binary-expr","locations":[{"start":{"line":50,"column":8},"end":{"line":50,"column":12}},{"start":{"line":50,"column":16},"end":{"line":50,"column":32}},{"start":{"line":50,"column":36},"end":{"line":50,"column":60}}]},"5":{"line":65,"type":"if","locations":[{"start":{"line":65,"column":4},"end":{"line":65,"column":4}},{"start":{"line":65,"column":4},"end":{"line":65,"column":4}}]},"6":{"line":70,"type":"if","locations":[{"start":{"line":70,"column":4},"end":{"line":70,"column":4}},{"start":{"line":70,"column":4},"end":{"line":70,"column":4}}]},"7":{"line":77,"type":"if","locations":[{"start":{"line":77,"column":4},"end":{"line":77,"column":4}},{"start":{"line":77,"column":4},"end":{"line":77,"column":4}}]},"8":{"line":77,"type":"binary-expr","locations":[{"start":{"line":77,"column":8},"end":{"line":77,"column":24}},{"start":{"line":77,"column":28},"end":{"line":77,"column":52}}]},"9":{"line":88,"type":"cond-expr","locations":[{"start":{"line":88,"column":46},"end":{"line":88,"column":63}},{"start":{"line":88,"column":66},"end":{"line":88,"column":83}}]},"10":{"line":96,"type":"binary-expr","locations":[{"start":{"line":96,"column":18},"end":{"line":96,"column":51}},{"start":{"line":96,"column":55},"end":{"line":96,"column":71}}]}},"code":["'use strict';","","var path = require('path');","var shell = require('shelljs');","var fs = require('fs');","var md5 = require('md5');","var logger = require('../util/logger');","","// call these two upfront so log messages emitted by them only show up once","var configFile = getConfigFile();","var installDirectory = getInstallDirectory();","","/**"," * @param {string} filename"," * @returns {string}"," */","function getProjectFileContents(filename) {","    var file = path.resolve(process.cwd(), filename);","    return fs.readFileSync(file);","}","","/**"," * @returns {{"," *   jspm?:{"," *     configFile?:string,"," *     directories?:{"," *       baseURL?:string,"," *       packages?:string"," *     }"," *   }"," * }}"," */","function getPackageJson() {","    return JSON.parse(getProjectFileContents('package.json'));","}","","/**"," * @returns {string} default install directory or override from package.json (packages or baseURL)"," */","function getInstallDirectory() {","    var jspm = getPackageJson().jspm;","    var defaultPath = 'jspm_packages';","","    if (jspm && jspm.directories && jspm.directories.packages) {","        var configPath = jspm.directories.packages;","        logger.logInfo('[jspm] jspm_packages located at ' + configPath + ' per package.json jspm.directories.packages');","        return configPath;","    }","","    if (jspm && jspm.directories && jspm.directories.baseURL) {","        var baseUrlPath = path.join(jspm.directories.baseURL, defaultPath);","        logger.logInfo('[jspm] jspm_packages located at ' + baseUrlPath + ' per package.json jspm.directories.baseURL');","        return baseUrlPath;","    }","","    return defaultPath;","}","","/**"," * @returns {string} default config file or override from package.json (configFile or baseURL)"," */","function getConfigFile() {","    var jspm = getPackageJson().jspm;","","    if (!jspm) {","        // return invalid filename, as \"jspm\" must exist inside package.json","        return 'package.json(namespace:jspm)';","    }","","    if (jspm.configFile) {","        var configFile = jspm.configFile;","        logger.logInfo('[jspm] config located at ' + configFile + ' per package.json jspm.configFile');","        return configFile;","    }","","    var baseURL = '';","    if (jspm.directories && jspm.directories.baseURL) {","        baseURL = jspm.directories.baseURL;","        logger.logInfo('[jspm] config located in ' + baseURL + ' per package.json jspm.directories.baseURL');","    }","","    var file = {","        'jspm@0.16': path.join(baseURL, 'config.js'),","        'jspm@0.17': path.join(baseURL, 'jspm.config.js')","    };","","    // jspm changed default config filename in 0.17, so check for both","    return fs.existsSync(file['jspm@0.17']) ? file['jspm@0.17'] : file['jspm@0.16'];","}","","/**"," * @returns {string}"," */","function getJspmVersion() {","    var rawMultilineOutput = shell.exec('jspm --version', {silent: true}).output;","    var version = rawMultilineOutput.split('\\n')[0] || 'UnknownVersion';","    return version.trim();","}","","/**"," * @returns {string} md5 from jspm config file contents"," */","function getConfigurationHash() {","    return md5(JSON.stringify({","        'package.json => jspm': getPackageJson().jspm,","        'config.js': getProjectFileContents(configFile)","    }));","}","","module.exports = {","    cliName: 'jspm',","    getCliVersion: getJspmVersion,","    configPath: configFile,","    installDirectory: installDirectory,","    addToArchiveAndRestore: configFile,","    installCommand: 'jspm install',","    getFileHash: getConfigurationHash","};",""],"l":{"3":1,"4":1,"5":1,"6":1,"7":1,"10":1,"11":1,"17":1,"18":2,"19":2,"33":1,"34":2,"40":1,"41":1,"42":1,"44":1,"45":0,"46":0,"47":0,"50":1,"51":0,"52":0,"53":0,"56":1,"62":1,"63":1,"65":1,"67":1,"70":0,"71":0,"72":0,"73":0,"76":0,"77":0,"78":0,"79":0,"82":0,"88":0,"94":1,"95":0,"96":0,"97":0,"103":1,"104":0,"110":1}},"/home/travis/build/npmtest/node-npmtest-npm-cache/node_modules/npm-cache/cacheDependencyManagers/npmConfig.js":{"path":"/home/travis/build/npmtest/node-npmtest-npm-cache/node_modules/npm-cache/cacheDependencyManagers/npmConfig.js","s":{"1":1,"2":1,"3":1,"4":1,"5":1,"6":1,"7":1,"8":1,"9":1,"10":0,"11":0,"12":1,"13":1,"14":0,"15":0,"16":1,"17":0},"b":{"1":[0,1]},"f":{"1":1,"2":0,"3":0},"fnMap":{"1":{"name":"(anonymous_1)","line":13,"loc":{"start":{"line":13,"column":23},"end":{"line":13,"column":35}}},"2":{"name":"getFileHash","line":24,"loc":{"start":{"line":24,"column":0},"end":{"line":24,"column":31}}},"3":{"name":"getNpmVersion","line":34,"loc":{"start":{"line":34,"column":17},"end":{"line":34,"column":43}}}},"statementMap":{"1":{"start":{"line":3,"column":0},"end":{"line":3,"column":27}},"2":{"start":{"line":4,"column":0},"end":{"line":4,"column":31}},"3":{"start":{"line":5,"column":0},"end":{"line":5,"column":23}},"4":{"start":{"line":6,"column":0},"end":{"line":6,"column":25}},"5":{"start":{"line":7,"column":0},"end":{"line":7,"column":39}},"6":{"start":{"line":13,"column":0},"end":{"line":22,"column":2}},"7":{"start":{"line":14,"column":2},"end":{"line":14,"column":74}},"8":{"start":{"line":15,"column":2},"end":{"line":15,"column":64}},"9":{"start":{"line":16,"column":2},"end":{"line":21,"column":3}},"10":{"start":{"line":17,"column":4},"end":{"line":17,"column":78}},"11":{"start":{"line":18,"column":4},"end":{"line":18,"column":26}},"12":{"start":{"line":20,"column":4},"end":{"line":20,"column":23}},"13":{"start":{"line":24,"column":0},"end":{"line":30,"column":1}},"14":{"start":{"line":25,"column":2},"end":{"line":25,"column":51}},"15":{"start":{"line":26,"column":2},"end":{"line":29,"column":6}},"16":{"start":{"line":32,"column":0},"end":{"line":41,"column":2}},"17":{"start":{"line":35,"column":4},"end":{"line":35,"column":69}}},"branchMap":{"1":{"line":16,"type":"if","locations":[{"start":{"line":16,"column":2},"end":{"line":16,"column":2}},{"start":{"line":16,"column":2},"end":{"line":16,"column":2}}]}},"code":["'use strict';","","var path = require('path');","var shell = require('shelljs');","var fs = require('fs');","var md5 = require('md5');","var logger = require('../util/logger');","","","// Returns path to configuration file for npm. Uses","// npm-shrinkwrap.json if it exists; otherwise,","// defaults to package.json","var getNpmConfigPath = function () {","  var shrinkWrapPath = path.resolve(process.cwd(), 'npm-shrinkwrap.json');","  var packagePath = path.resolve(process.cwd(), 'package.json');","  if (fs.existsSync(shrinkWrapPath)) {","    logger.logInfo('[npm] using npm-shrinkwrap.json instead of package.json');","    return shrinkWrapPath;","  } else {","    return packagePath;","  }","};","","function getFileHash(filePath) {","  var json = JSON.parse(fs.readFileSync(filePath));","  return md5(JSON.stringify({","    dependencies: json.dependencies,","    devDependencies: json.devDependencies","  }));","}","","module.exports = {","  cliName: 'npm',","  getCliVersion: function getNpmVersion () {","    return shell.exec('npm --version', {silent: true}).output.trim();","  },","  configPath: getNpmConfigPath(),","  installDirectory: 'node_modules',","  installCommand: 'npm install',","  getFileHash: getFileHash","};",""],"l":{"3":1,"4":1,"5":1,"6":1,"7":1,"13":1,"14":1,"15":1,"16":1,"17":0,"18":0,"20":1,"24":1,"25":0,"26":0,"32":1,"35":0}}}